Linked: (/home/lty/xiaoping_ws/devel/.private/dynamixel_sdk_examples/include/dynamixel_sdk_examples/SyncGetPositionResponse.h, /home/lty/xiaoping_ws/devel/include/dynamixel_sdk_examples/SyncGetPositionResponse.h)
Linked: (/home/lty/xiaoping_ws/devel/.private/dynamixel_sdk_examples/include/dynamixel_sdk_examples/GetPositionRequest.h, /home/lty/xiaoping_ws/devel/include/dynamixel_sdk_examples/GetPositionRequest.h)
Linked: (/home/lty/xiaoping_ws/devel/.private/dynamixel_sdk_examples/include/dynamixel_sdk_examples/BulkSetItem.h, /home/lty/xiaoping_ws/devel/include/dynamixel_sdk_examples/BulkSetItem.h)
Linked: (/home/lty/xiaoping_ws/devel/.private/dynamixel_sdk_examples/include/dynamixel_sdk_examples/SyncGetPositionRequest.h, /home/lty/xiaoping_ws/devel/include/dynamixel_sdk_examples/SyncGetPositionRequest.h)
Linked: (/home/lty/xiaoping_ws/devel/.private/dynamixel_sdk_examples/include/dynamixel_sdk_examples/SyncSetPosition.h, /home/lty/xiaoping_ws/devel/include/dynamixel_sdk_examples/SyncSetPosition.h)
Linked: (/home/lty/xiaoping_ws/devel/.private/dynamixel_sdk_examples/include/dynamixel_sdk_examples/BulkGetItem.h, /home/lty/xiaoping_ws/devel/include/dynamixel_sdk_examples/BulkGetItem.h)
Linked: (/home/lty/xiaoping_ws/devel/.private/dynamixel_sdk_examples/include/dynamixel_sdk_examples/SetPosition.h, /home/lty/xiaoping_ws/devel/include/dynamixel_sdk_examples/SetPosition.h)
Linked: (/home/lty/xiaoping_ws/devel/.private/dynamixel_sdk_examples/include/dynamixel_sdk_examples/SyncGetPosition.h, /home/lty/xiaoping_ws/devel/include/dynamixel_sdk_examples/SyncGetPosition.h)
Linked: (/home/lty/xiaoping_ws/devel/.private/dynamixel_sdk_examples/include/dynamixel_sdk_examples/BulkGetItemResponse.h, /home/lty/xiaoping_ws/devel/include/dynamixel_sdk_examples/BulkGetItemResponse.h)
Linked: (/home/lty/xiaoping_ws/devel/.private/dynamixel_sdk_examples/include/dynamixel_sdk_examples/GetPosition.h, /home/lty/xiaoping_ws/devel/include/dynamixel_sdk_examples/GetPosition.h)
Linked: (/home/lty/xiaoping_ws/devel/.private/dynamixel_sdk_examples/include/dynamixel_sdk_examples/BulkGetItemRequest.h, /home/lty/xiaoping_ws/devel/include/dynamixel_sdk_examples/BulkGetItemRequest.h)
Linked: (/home/lty/xiaoping_ws/devel/.private/dynamixel_sdk_examples/include/dynamixel_sdk_examples/GetPositionResponse.h, /home/lty/xiaoping_ws/devel/include/dynamixel_sdk_examples/GetPositionResponse.h)
Warning: Cannot symlink from /home/lty/xiaoping_ws/devel/.private/dynamixel_sdk_examples/share/dynamixel_sdk_examples/cmake/dynamixel_sdk_examplesConfig.cmake to existing file /home/lty/xiaoping_ws/devel/share/dynamixel_sdk_examples/cmake/dynamixel_sdk_examplesConfig.cmake
Warning: Source hash: 7288238a7e3d9ceb74e8a599599d1fe4
Warning: Dest hash: 15f341ca1bc43d0425ead31b91066b25
Linked: (/home/lty/xiaoping_ws/devel/.private/dynamixel_sdk_examples/share/gennodejs/ros/dynamixel_sdk_examples/_index.js, /home/lty/xiaoping_ws/devel/share/gennodejs/ros/dynamixel_sdk_examples/_index.js)
Linked: (/home/lty/xiaoping_ws/devel/.private/dynamixel_sdk_examples/share/gennodejs/ros/dynamixel_sdk_examples/srv/_index.js, /home/lty/xiaoping_ws/devel/share/gennodejs/ros/dynamixel_sdk_examples/srv/_index.js)
Linked: (/home/lty/xiaoping_ws/devel/.private/dynamixel_sdk_examples/share/gennodejs/ros/dynamixel_sdk_examples/srv/SyncGetPosition.js, /home/lty/xiaoping_ws/devel/share/gennodejs/ros/dynamixel_sdk_examples/srv/SyncGetPosition.js)
Linked: (/home/lty/xiaoping_ws/devel/.private/dynamixel_sdk_examples/share/gennodejs/ros/dynamixel_sdk_examples/srv/BulkGetItem.js, /home/lty/xiaoping_ws/devel/share/gennodejs/ros/dynamixel_sdk_examples/srv/BulkGetItem.js)
Linked: (/home/lty/xiaoping_ws/devel/.private/dynamixel_sdk_examples/share/gennodejs/ros/dynamixel_sdk_examples/srv/GetPosition.js, /home/lty/xiaoping_ws/devel/share/gennodejs/ros/dynamixel_sdk_examples/srv/GetPosition.js)
Linked: (/home/lty/xiaoping_ws/devel/.private/dynamixel_sdk_examples/share/gennodejs/ros/dynamixel_sdk_examples/msg/_index.js, /home/lty/xiaoping_ws/devel/share/gennodejs/ros/dynamixel_sdk_examples/msg/_index.js)
Linked: (/home/lty/xiaoping_ws/devel/.private/dynamixel_sdk_examples/share/gennodejs/ros/dynamixel_sdk_examples/msg/SyncSetPosition.js, /home/lty/xiaoping_ws/devel/share/gennodejs/ros/dynamixel_sdk_examples/msg/SyncSetPosition.js)
Linked: (/home/lty/xiaoping_ws/devel/.private/dynamixel_sdk_examples/share/gennodejs/ros/dynamixel_sdk_examples/msg/BulkSetItem.js, /home/lty/xiaoping_ws/devel/share/gennodejs/ros/dynamixel_sdk_examples/msg/BulkSetItem.js)
Linked: (/home/lty/xiaoping_ws/devel/.private/dynamixel_sdk_examples/share/gennodejs/ros/dynamixel_sdk_examples/msg/SetPosition.js, /home/lty/xiaoping_ws/devel/share/gennodejs/ros/dynamixel_sdk_examples/msg/SetPosition.js)
Linked: (/home/lty/xiaoping_ws/devel/.private/dynamixel_sdk_examples/share/common-lisp/ros/dynamixel_sdk_examples/srv/_package.lisp, /home/lty/xiaoping_ws/devel/share/common-lisp/ros/dynamixel_sdk_examples/srv/_package.lisp)
Linked: (/home/lty/xiaoping_ws/devel/.private/dynamixel_sdk_examples/share/common-lisp/ros/dynamixel_sdk_examples/srv/dynamixel_sdk_examples-srv.asd, /home/lty/xiaoping_ws/devel/share/common-lisp/ros/dynamixel_sdk_examples/srv/dynamixel_sdk_examples-srv.asd)
Linked: (/home/lty/xiaoping_ws/devel/.private/dynamixel_sdk_examples/share/common-lisp/ros/dynamixel_sdk_examples/srv/_package_BulkGetItem.lisp, /home/lty/xiaoping_ws/devel/share/common-lisp/ros/dynamixel_sdk_examples/srv/_package_BulkGetItem.lisp)
Linked: (/home/lty/xiaoping_ws/devel/.private/dynamixel_sdk_examples/share/common-lisp/ros/dynamixel_sdk_examples/srv/BulkGetItem.lisp, /home/lty/xiaoping_ws/devel/share/common-lisp/ros/dynamixel_sdk_examples/srv/BulkGetItem.lisp)
Linked: (/home/lty/xiaoping_ws/devel/.private/dynamixel_sdk_examples/share/common-lisp/ros/dynamixel_sdk_examples/srv/_package_SyncGetPosition.lisp, /home/lty/xiaoping_ws/devel/share/common-lisp/ros/dynamixel_sdk_examples/srv/_package_SyncGetPosition.lisp)
Linked: (/home/lty/xiaoping_ws/devel/.private/dynamixel_sdk_examples/share/common-lisp/ros/dynamixel_sdk_examples/srv/_package_GetPosition.lisp, /home/lty/xiaoping_ws/devel/share/common-lisp/ros/dynamixel_sdk_examples/srv/_package_GetPosition.lisp)
Linked: (/home/lty/xiaoping_ws/devel/.private/dynamixel_sdk_examples/share/common-lisp/ros/dynamixel_sdk_examples/srv/GetPosition.lisp, /home/lty/xiaoping_ws/devel/share/common-lisp/ros/dynamixel_sdk_examples/srv/GetPosition.lisp)
Linked: (/home/lty/xiaoping_ws/devel/.private/dynamixel_sdk_examples/share/common-lisp/ros/dynamixel_sdk_examples/srv/SyncGetPosition.lisp, /home/lty/xiaoping_ws/devel/share/common-lisp/ros/dynamixel_sdk_examples/srv/SyncGetPosition.lisp)
Linked: (/home/lty/xiaoping_ws/devel/.private/dynamixel_sdk_examples/share/common-lisp/ros/dynamixel_sdk_examples/msg/_package_SyncSetPosition.lisp, /home/lty/xiaoping_ws/devel/share/common-lisp/ros/dynamixel_sdk_examples/msg/_package_SyncSetPosition.lisp)
Linked: (/home/lty/xiaoping_ws/devel/.private/dynamixel_sdk_examples/share/common-lisp/ros/dynamixel_sdk_examples/msg/_package.lisp, /home/lty/xiaoping_ws/devel/share/common-lisp/ros/dynamixel_sdk_examples/msg/_package.lisp)
Linked: (/home/lty/xiaoping_ws/devel/.private/dynamixel_sdk_examples/share/common-lisp/ros/dynamixel_sdk_examples/msg/BulkSetItem.lisp, /home/lty/xiaoping_ws/devel/share/common-lisp/ros/dynamixel_sdk_examples/msg/BulkSetItem.lisp)
Linked: (/home/lty/xiaoping_ws/devel/.private/dynamixel_sdk_examples/share/common-lisp/ros/dynamixel_sdk_examples/msg/dynamixel_sdk_examples-msg.asd, /home/lty/xiaoping_ws/devel/share/common-lisp/ros/dynamixel_sdk_examples/msg/dynamixel_sdk_examples-msg.asd)
Linked: (/home/lty/xiaoping_ws/devel/.private/dynamixel_sdk_examples/share/common-lisp/ros/dynamixel_sdk_examples/msg/SyncSetPosition.lisp, /home/lty/xiaoping_ws/devel/share/common-lisp/ros/dynamixel_sdk_examples/msg/SyncSetPosition.lisp)
Linked: (/home/lty/xiaoping_ws/devel/.private/dynamixel_sdk_examples/share/common-lisp/ros/dynamixel_sdk_examples/msg/_package_SetPosition.lisp, /home/lty/xiaoping_ws/devel/share/common-lisp/ros/dynamixel_sdk_examples/msg/_package_SetPosition.lisp)
Linked: (/home/lty/xiaoping_ws/devel/.private/dynamixel_sdk_examples/share/common-lisp/ros/dynamixel_sdk_examples/msg/_package_BulkSetItem.lisp, /home/lty/xiaoping_ws/devel/share/common-lisp/ros/dynamixel_sdk_examples/msg/_package_BulkSetItem.lisp)
Linked: (/home/lty/xiaoping_ws/devel/.private/dynamixel_sdk_examples/share/common-lisp/ros/dynamixel_sdk_examples/msg/SetPosition.lisp, /home/lty/xiaoping_ws/devel/share/common-lisp/ros/dynamixel_sdk_examples/msg/SetPosition.lisp)
Linked: (/home/lty/xiaoping_ws/devel/.private/dynamixel_sdk_examples/share/roseus/ros/dynamixel_sdk_examples/manifest.l, /home/lty/xiaoping_ws/devel/share/roseus/ros/dynamixel_sdk_examples/manifest.l)
Linked: (/home/lty/xiaoping_ws/devel/.private/dynamixel_sdk_examples/share/roseus/ros/dynamixel_sdk_examples/srv/SyncGetPosition.l, /home/lty/xiaoping_ws/devel/share/roseus/ros/dynamixel_sdk_examples/srv/SyncGetPosition.l)
Linked: (/home/lty/xiaoping_ws/devel/.private/dynamixel_sdk_examples/share/roseus/ros/dynamixel_sdk_examples/srv/BulkGetItem.l, /home/lty/xiaoping_ws/devel/share/roseus/ros/dynamixel_sdk_examples/srv/BulkGetItem.l)
Linked: (/home/lty/xiaoping_ws/devel/.private/dynamixel_sdk_examples/share/roseus/ros/dynamixel_sdk_examples/srv/GetPosition.l, /home/lty/xiaoping_ws/devel/share/roseus/ros/dynamixel_sdk_examples/srv/GetPosition.l)
Linked: (/home/lty/xiaoping_ws/devel/.private/dynamixel_sdk_examples/share/roseus/ros/dynamixel_sdk_examples/msg/SetPosition.l, /home/lty/xiaoping_ws/devel/share/roseus/ros/dynamixel_sdk_examples/msg/SetPosition.l)
Linked: (/home/lty/xiaoping_ws/devel/.private/dynamixel_sdk_examples/share/roseus/ros/dynamixel_sdk_examples/msg/BulkSetItem.l, /home/lty/xiaoping_ws/devel/share/roseus/ros/dynamixel_sdk_examples/msg/BulkSetItem.l)
Linked: (/home/lty/xiaoping_ws/devel/.private/dynamixel_sdk_examples/share/roseus/ros/dynamixel_sdk_examples/msg/SyncSetPosition.l, /home/lty/xiaoping_ws/devel/share/roseus/ros/dynamixel_sdk_examples/msg/SyncSetPosition.l)
Linked: (/home/lty/xiaoping_ws/devel/.private/dynamixel_sdk_examples/lib/dynamixel_sdk_examples/sync_read_write_node, /home/lty/xiaoping_ws/devel/lib/dynamixel_sdk_examples/sync_read_write_node)
Linked: (/home/lty/xiaoping_ws/devel/.private/dynamixel_sdk_examples/lib/dynamixel_sdk_examples/indirect_address_node, /home/lty/xiaoping_ws/devel/lib/dynamixel_sdk_examples/indirect_address_node)
Linked: (/home/lty/xiaoping_ws/devel/.private/dynamixel_sdk_examples/lib/dynamixel_sdk_examples/read_write_node, /home/lty/xiaoping_ws/devel/lib/dynamixel_sdk_examples/read_write_node)
Linked: (/home/lty/xiaoping_ws/devel/.private/dynamixel_sdk_examples/lib/dynamixel_sdk_examples/bulk_read_write_node, /home/lty/xiaoping_ws/devel/lib/dynamixel_sdk_examples/bulk_read_write_node)
Linked: (/home/lty/xiaoping_ws/devel/.private/dynamixel_sdk_examples/lib/python3/dist-packages/dynamixel_sdk_examples/srv/__init__.py, /home/lty/xiaoping_ws/devel/lib/python3/dist-packages/dynamixel_sdk_examples/srv/__init__.py)
Linked: (/home/lty/xiaoping_ws/devel/.private/dynamixel_sdk_examples/lib/python3/dist-packages/dynamixel_sdk_examples/srv/_BulkGetItem.py, /home/lty/xiaoping_ws/devel/lib/python3/dist-packages/dynamixel_sdk_examples/srv/_BulkGetItem.py)
Linked: (/home/lty/xiaoping_ws/devel/.private/dynamixel_sdk_examples/lib/python3/dist-packages/dynamixel_sdk_examples/srv/_SyncGetPosition.py, /home/lty/xiaoping_ws/devel/lib/python3/dist-packages/dynamixel_sdk_examples/srv/_SyncGetPosition.py)
Linked: (/home/lty/xiaoping_ws/devel/.private/dynamixel_sdk_examples/lib/python3/dist-packages/dynamixel_sdk_examples/srv/_GetPosition.py, /home/lty/xiaoping_ws/devel/lib/python3/dist-packages/dynamixel_sdk_examples/srv/_GetPosition.py)
Linked: (/home/lty/xiaoping_ws/devel/.private/dynamixel_sdk_examples/lib/python3/dist-packages/dynamixel_sdk_examples/msg/__init__.py, /home/lty/xiaoping_ws/devel/lib/python3/dist-packages/dynamixel_sdk_examples/msg/__init__.py)
Linked: (/home/lty/xiaoping_ws/devel/.private/dynamixel_sdk_examples/lib/python3/dist-packages/dynamixel_sdk_examples/msg/_BulkSetItem.py, /home/lty/xiaoping_ws/devel/lib/python3/dist-packages/dynamixel_sdk_examples/msg/_BulkSetItem.py)
Linked: (/home/lty/xiaoping_ws/devel/.private/dynamixel_sdk_examples/lib/python3/dist-packages/dynamixel_sdk_examples/msg/_SetPosition.py, /home/lty/xiaoping_ws/devel/lib/python3/dist-packages/dynamixel_sdk_examples/msg/_SetPosition.py)
Linked: (/home/lty/xiaoping_ws/devel/.private/dynamixel_sdk_examples/lib/python3/dist-packages/dynamixel_sdk_examples/msg/_SyncSetPosition.py, /home/lty/xiaoping_ws/devel/lib/python3/dist-packages/dynamixel_sdk_examples/msg/_SyncSetPosition.py)
Warning: Cannot symlink from /home/lty/xiaoping_ws/devel/.private/dynamixel_sdk_examples/lib/pkgconfig/dynamixel_sdk_examples.pc to existing file /home/lty/xiaoping_ws/devel/lib/pkgconfig/dynamixel_sdk_examples.pc
Warning: Source hash: 3d456f2413376eac306c263bd3604b69
Warning: Dest hash: 8e310ea3861f91241cc6d3b4fa65177e
