Symlinking /home/lty/xiaoping_ws/devel/include/turtlebot3_msgs/Sound.h
Symlinking /home/lty/xiaoping_ws/devel/include/turtlebot3_msgs/VersionInfo.h
Symlinking /home/lty/xiaoping_ws/devel/include/turtlebot3_msgs/SensorState.h
Symlinking /home/lty/xiaoping_ws/devel/share/gennodejs/ros/turtlebot3_msgs/_index.js
Symlinking /home/lty/xiaoping_ws/devel/share/gennodejs/ros/turtlebot3_msgs/msg/VersionInfo.js
Symlinking /home/lty/xiaoping_ws/devel/share/gennodejs/ros/turtlebot3_msgs/msg/_index.js
Symlinking /home/lty/xiaoping_ws/devel/share/gennodejs/ros/turtlebot3_msgs/msg/SensorState.js
Symlinking /home/lty/xiaoping_ws/devel/share/gennodejs/ros/turtlebot3_msgs/msg/Sound.js
Warning: Cannot symlink from /home/lty/xiaoping_ws/devel/.private/turtlebot3_msgs/share/turtlebot3_msgs/cmake/turtlebot3_msgsConfig.cmake to existing file /home/lty/xiaoping_ws/devel/share/turtlebot3_msgs/cmake/turtlebot3_msgsConfig.cmake
Warning: Source hash: a88b6d358e15ef77a7049253d0355c0c
Warning: Dest hash: b1ee5fc8156522f68bed78ee6c273ffb
Symlinking /home/lty/xiaoping_ws/devel/share/common-lisp/ros/turtlebot3_msgs/msg/_package.lisp
Symlinking /home/lty/xiaoping_ws/devel/share/common-lisp/ros/turtlebot3_msgs/msg/Sound.lisp
Symlinking /home/lty/xiaoping_ws/devel/share/common-lisp/ros/turtlebot3_msgs/msg/_package_Sound.lisp
Symlinking /home/lty/xiaoping_ws/devel/share/common-lisp/ros/turtlebot3_msgs/msg/SensorState.lisp
Symlinking /home/lty/xiaoping_ws/devel/share/common-lisp/ros/turtlebot3_msgs/msg/_package_SensorState.lisp
Symlinking /home/lty/xiaoping_ws/devel/share/common-lisp/ros/turtlebot3_msgs/msg/turtlebot3_msgs-msg.asd
Symlinking /home/lty/xiaoping_ws/devel/share/common-lisp/ros/turtlebot3_msgs/msg/_package_VersionInfo.lisp
Symlinking /home/lty/xiaoping_ws/devel/share/common-lisp/ros/turtlebot3_msgs/msg/VersionInfo.lisp
Symlinking /home/lty/xiaoping_ws/devel/share/roseus/ros/turtlebot3_msgs/manifest.l
Symlinking /home/lty/xiaoping_ws/devel/share/roseus/ros/turtlebot3_msgs/msg/Sound.l
Symlinking /home/lty/xiaoping_ws/devel/share/roseus/ros/turtlebot3_msgs/msg/VersionInfo.l
Symlinking /home/lty/xiaoping_ws/devel/share/roseus/ros/turtlebot3_msgs/msg/SensorState.l
Symlinking /home/lty/xiaoping_ws/devel/lib/python3/dist-packages/turtlebot3_msgs/msg/__init__.py
Symlinking /home/lty/xiaoping_ws/devel/lib/python3/dist-packages/turtlebot3_msgs/msg/_VersionInfo.py
Symlinking /home/lty/xiaoping_ws/devel/lib/python3/dist-packages/turtlebot3_msgs/msg/_Sound.py
Symlinking /home/lty/xiaoping_ws/devel/lib/python3/dist-packages/turtlebot3_msgs/msg/_SensorState.py
Warning: Cannot symlink from /home/lty/xiaoping_ws/devel/.private/turtlebot3_msgs/lib/pkgconfig/turtlebot3_msgs.pc to existing file /home/lty/xiaoping_ws/devel/lib/pkgconfig/turtlebot3_msgs.pc
Warning: Source hash: 68d5572cd2b1453dd5b814be79ca5d66
Warning: Dest hash: 51883b54c1770b07cc81aeebc1f0f50c
