Linked: (/home/lty/xiaoping_ws/devel/.private/turtlebot3_msgs/include/turtlebot3_msgs/Sound.h, /home/lty/xiaoping_ws/devel/include/turtlebot3_msgs/Sound.h)
Linked: (/home/lty/xiaoping_ws/devel/.private/turtlebot3_msgs/include/turtlebot3_msgs/VersionInfo.h, /home/lty/xiaoping_ws/devel/include/turtlebot3_msgs/VersionInfo.h)
Linked: (/home/lty/xiaoping_ws/devel/.private/turtlebot3_msgs/include/turtlebot3_msgs/SensorState.h, /home/lty/xiaoping_ws/devel/include/turtlebot3_msgs/SensorState.h)
Linked: (/home/lty/xiaoping_ws/devel/.private/turtlebot3_msgs/share/gennodejs/ros/turtlebot3_msgs/_index.js, /home/lty/xiaoping_ws/devel/share/gennodejs/ros/turtlebot3_msgs/_index.js)
Linked: (/home/lty/xiaoping_ws/devel/.private/turtlebot3_msgs/share/gennodejs/ros/turtlebot3_msgs/msg/VersionInfo.js, /home/lty/xiaoping_ws/devel/share/gennodejs/ros/turtlebot3_msgs/msg/VersionInfo.js)
Linked: (/home/lty/xiaoping_ws/devel/.private/turtlebot3_msgs/share/gennodejs/ros/turtlebot3_msgs/msg/_index.js, /home/lty/xiaoping_ws/devel/share/gennodejs/ros/turtlebot3_msgs/msg/_index.js)
Linked: (/home/lty/xiaoping_ws/devel/.private/turtlebot3_msgs/share/gennodejs/ros/turtlebot3_msgs/msg/SensorState.js, /home/lty/xiaoping_ws/devel/share/gennodejs/ros/turtlebot3_msgs/msg/SensorState.js)
Linked: (/home/lty/xiaoping_ws/devel/.private/turtlebot3_msgs/share/gennodejs/ros/turtlebot3_msgs/msg/Sound.js, /home/lty/xiaoping_ws/devel/share/gennodejs/ros/turtlebot3_msgs/msg/Sound.js)
Warning: Cannot symlink from /home/lty/xiaoping_ws/devel/.private/turtlebot3_msgs/share/turtlebot3_msgs/cmake/turtlebot3_msgsConfig.cmake to existing file /home/lty/xiaoping_ws/devel/share/turtlebot3_msgs/cmake/turtlebot3_msgsConfig.cmake
Warning: Source hash: a88b6d358e15ef77a7049253d0355c0c
Warning: Dest hash: cdf29fe8285b449ac6bc8747e8ca5237
Linked: (/home/lty/xiaoping_ws/devel/.private/turtlebot3_msgs/share/common-lisp/ros/turtlebot3_msgs/msg/_package.lisp, /home/lty/xiaoping_ws/devel/share/common-lisp/ros/turtlebot3_msgs/msg/_package.lisp)
Linked: (/home/lty/xiaoping_ws/devel/.private/turtlebot3_msgs/share/common-lisp/ros/turtlebot3_msgs/msg/Sound.lisp, /home/lty/xiaoping_ws/devel/share/common-lisp/ros/turtlebot3_msgs/msg/Sound.lisp)
Linked: (/home/lty/xiaoping_ws/devel/.private/turtlebot3_msgs/share/common-lisp/ros/turtlebot3_msgs/msg/_package_Sound.lisp, /home/lty/xiaoping_ws/devel/share/common-lisp/ros/turtlebot3_msgs/msg/_package_Sound.lisp)
Linked: (/home/lty/xiaoping_ws/devel/.private/turtlebot3_msgs/share/common-lisp/ros/turtlebot3_msgs/msg/SensorState.lisp, /home/lty/xiaoping_ws/devel/share/common-lisp/ros/turtlebot3_msgs/msg/SensorState.lisp)
Linked: (/home/lty/xiaoping_ws/devel/.private/turtlebot3_msgs/share/common-lisp/ros/turtlebot3_msgs/msg/_package_SensorState.lisp, /home/lty/xiaoping_ws/devel/share/common-lisp/ros/turtlebot3_msgs/msg/_package_SensorState.lisp)
Linked: (/home/lty/xiaoping_ws/devel/.private/turtlebot3_msgs/share/common-lisp/ros/turtlebot3_msgs/msg/turtlebot3_msgs-msg.asd, /home/lty/xiaoping_ws/devel/share/common-lisp/ros/turtlebot3_msgs/msg/turtlebot3_msgs-msg.asd)
Linked: (/home/lty/xiaoping_ws/devel/.private/turtlebot3_msgs/share/common-lisp/ros/turtlebot3_msgs/msg/_package_VersionInfo.lisp, /home/lty/xiaoping_ws/devel/share/common-lisp/ros/turtlebot3_msgs/msg/_package_VersionInfo.lisp)
Linked: (/home/lty/xiaoping_ws/devel/.private/turtlebot3_msgs/share/common-lisp/ros/turtlebot3_msgs/msg/VersionInfo.lisp, /home/lty/xiaoping_ws/devel/share/common-lisp/ros/turtlebot3_msgs/msg/VersionInfo.lisp)
Linked: (/home/lty/xiaoping_ws/devel/.private/turtlebot3_msgs/share/roseus/ros/turtlebot3_msgs/manifest.l, /home/lty/xiaoping_ws/devel/share/roseus/ros/turtlebot3_msgs/manifest.l)
Linked: (/home/lty/xiaoping_ws/devel/.private/turtlebot3_msgs/share/roseus/ros/turtlebot3_msgs/msg/Sound.l, /home/lty/xiaoping_ws/devel/share/roseus/ros/turtlebot3_msgs/msg/Sound.l)
Linked: (/home/lty/xiaoping_ws/devel/.private/turtlebot3_msgs/share/roseus/ros/turtlebot3_msgs/msg/VersionInfo.l, /home/lty/xiaoping_ws/devel/share/roseus/ros/turtlebot3_msgs/msg/VersionInfo.l)
Linked: (/home/lty/xiaoping_ws/devel/.private/turtlebot3_msgs/share/roseus/ros/turtlebot3_msgs/msg/SensorState.l, /home/lty/xiaoping_ws/devel/share/roseus/ros/turtlebot3_msgs/msg/SensorState.l)
Linked: (/home/lty/xiaoping_ws/devel/.private/turtlebot3_msgs/lib/python3/dist-packages/turtlebot3_msgs/msg/__init__.py, /home/lty/xiaoping_ws/devel/lib/python3/dist-packages/turtlebot3_msgs/msg/__init__.py)
Linked: (/home/lty/xiaoping_ws/devel/.private/turtlebot3_msgs/lib/python3/dist-packages/turtlebot3_msgs/msg/_VersionInfo.py, /home/lty/xiaoping_ws/devel/lib/python3/dist-packages/turtlebot3_msgs/msg/_VersionInfo.py)
Linked: (/home/lty/xiaoping_ws/devel/.private/turtlebot3_msgs/lib/python3/dist-packages/turtlebot3_msgs/msg/_Sound.py, /home/lty/xiaoping_ws/devel/lib/python3/dist-packages/turtlebot3_msgs/msg/_Sound.py)
Linked: (/home/lty/xiaoping_ws/devel/.private/turtlebot3_msgs/lib/python3/dist-packages/turtlebot3_msgs/msg/_SensorState.py, /home/lty/xiaoping_ws/devel/lib/python3/dist-packages/turtlebot3_msgs/msg/_SensorState.py)
Warning: Cannot symlink from /home/lty/xiaoping_ws/devel/.private/turtlebot3_msgs/lib/pkgconfig/turtlebot3_msgs.pc to existing file /home/lty/xiaoping_ws/devel/lib/pkgconfig/turtlebot3_msgs.pc
Warning: Source hash: 68d5572cd2b1453dd5b814be79ca5d66
Warning: Dest hash: 51883b54c1770b07cc81aeebc1f0f50c
