[35m[1mScanning dependencies of target follower[0m
[ 50%] [32mBuilding CXX object CMakeFiles/follower.dir/src/follower.cpp.o[0m
[01m[K/home/lty/xiaoping_ws/src/multi_turtlebot3/src/follower.cpp:[m[K In function ‘[01m[Kint main(int, char**)[m[K’:
[01m[K/home/lty/xiaoping_ws/src/multi_turtlebot3/src/follower.cpp:6:14:[m[K [01;31m[Kerror: [m[Kuse of deleted function ‘[01m[KFollower::Follower()[m[K’
    6 |     Follower [01;31m[Kfollower[m[K;
      |              [01;31m[K^~~~~~~~[m[K
In file included from [01m[K/home/lty/xiaoping_ws/src/multi_turtlebot3/src/follower.cpp:2[m[K:
[01m[K/home/lty/xiaoping_ws/src/multi_turtlebot3/include/followerhead.h:6:7:[m[K [01;36m[Knote: [m[K‘[01m[KFollower::Follower()[m[K’ is implicitly deleted because the default definition would be ill-formed:
    6 | class [01;36m[KFollower[m[K{
      |       [01;36m[K^~~~~~~~[m[K
[01m[K/home/lty/xiaoping_ws/src/multi_turtlebot3/include/followerhead.h:6:7:[m[K [01;31m[Kerror: [m[Kno matching function for call to ‘[01m[Ktf2_ros::TransformListener::TransformListener()[m[K’
In file included from [01m[K/home/lty/xiaoping_ws/src/multi_turtlebot3/include/followerhead.h:4[m[K,
                 from [01m[K/home/lty/xiaoping_ws/src/multi_turtlebot3/src/follower.cpp:2[m[K:
[01m[K/opt/ros/noetic/include/tf2_ros/transform_listener.h:55:3:[m[K [01;36m[Knote: [m[Kcandidate: ‘[01m[Ktf2_ros::TransformListener::TransformListener(tf2::BufferCore&, const ros::NodeHandle&, bool, ros::TransportHints)[m[K’
   55 |   [01;36m[KTransformListener[m[K(tf2::BufferCore& buffer, const ros::NodeHandle& nh, bool spin_thread = true,
      |   [01;36m[K^~~~~~~~~~~~~~~~~[m[K
[01m[K/opt/ros/noetic/include/tf2_ros/transform_listener.h:55:3:[m[K [01;36m[Knote: [m[K  candidate expects 4 arguments, 0 provided
[01m[K/opt/ros/noetic/include/tf2_ros/transform_listener.h:53:3:[m[K [01;36m[Knote: [m[Kcandidate: ‘[01m[Ktf2_ros::TransformListener::TransformListener(tf2::BufferCore&, bool, ros::TransportHints)[m[K’
   53 |   [01;36m[KTransformListener[m[K(tf2::BufferCore& buffer, bool spin_thread = true,
      |   [01;36m[K^~~~~~~~~~~~~~~~~[m[K
[01m[K/opt/ros/noetic/include/tf2_ros/transform_listener.h:53:3:[m[K [01;36m[Knote: [m[K  candidate expects 3 arguments, 0 provided
make[2]: *** [CMakeFiles/follower.dir/build.make:63：CMakeFiles/follower.dir/src/follower.cpp.o] 错误 1
make[1]: *** [CMakeFiles/Makefile2:1675：CMakeFiles/follower.dir/all] 错误 2
make: *** [Makefile:141：all] 错误 2
