In file included from [01m[K/home/lty/xiaoping_ws/src/multi_turtlebot3/src/follower.cpp:2[m[K:
[01m[K/home/lty/xiaoping_ws/src/multi_turtlebot3/include/followerhead.h:12:3:[m[K [01;31m[Kerror: [m[K‘[01m[Ktransform_0[m[K’ does not name a type; did you mean ‘[01m[KtfTransform_H[m[K’?
   12 |   [01;31m[Ktransform_0[m[K.setIdentity();
      |   [01;31m[K^~~~~~~~~~~[m[K
      |   [32m[KtfTransform_H[m[K
[01m[K/home/lty/xiaoping_ws/src/multi_turtlebot3/include/followerhead.h:13:3:[m[K [01;31m[Kerror: [m[K‘[01m[Ktransform_0[m[K’ does not name a type; did you mean ‘[01m[KtfTransform_H[m[K’?
   13 |   [01;31m[Ktransform_0[m[K.setOrigin(tf::Vector3(x_0, y_0, z_0));
      |   [01;31m[K^~~~~~~~~~~[m[K
      |   [32m[KtfTransform_H[m[K
[01m[K/home/lty/xiaoping_ws/src/multi_turtlebot3/include/followerhead.h:14:3:[m[K [01;31m[Kerror: [m[K‘[01m[Kbr_0[m[K’ does not name a type
   14 |   [01;31m[Kbr_0[m[K.sendTransform(tf::StampedTransform(transform_0, ros::Time::now(), "odom_0", "tb3_0/base_link"));
      |   [01;31m[K^~~~[m[K
[01m[K/home/lty/xiaoping_ws/src/multi_turtlebot3/include/followerhead.h:19:3:[m[K [01;31m[Kerror: [m[K‘[01m[Ktransform_1[m[K’ does not name a type; did you mean ‘[01m[KtfTransform_H[m[K’?
   19 |   [01;31m[Ktransform_1[m[K.setIdentity();
      |   [01;31m[K^~~~~~~~~~~[m[K
      |   [32m[KtfTransform_H[m[K
[01m[K/home/lty/xiaoping_ws/src/multi_turtlebot3/include/followerhead.h:20:3:[m[K [01;31m[Kerror: [m[K‘[01m[Ktransform_1[m[K’ does not name a type; did you mean ‘[01m[KtfTransform_H[m[K’?
   20 |   [01;31m[Ktransform_1[m[K.setOrigin(tf::Vector3(x_1, y_1, z_1));
      |   [01;31m[K^~~~~~~~~~~[m[K
      |   [32m[KtfTransform_H[m[K
[01m[K/home/lty/xiaoping_ws/src/multi_turtlebot3/include/followerhead.h:21:3:[m[K [01;31m[Kerror: [m[K‘[01m[Kbr_1[m[K’ does not name a type
   21 |   [01;31m[Kbr_1[m[K.sendTransform(tf::StampedTransform(transform_1, ros::Time::now(), "odom_1", "tb3_1/base_link"));
      |   [01;31m[K^~~~[m[K
make[2]: *** [CMakeFiles/follower.dir/build.make:63：CMakeFiles/follower.dir/src/follower.cpp.o] 错误 1
make[1]: *** [CMakeFiles/Makefile2:1675：CMakeFiles/follower.dir/all] 错误 2
make: *** [Makefile:141：all] 错误 2
