In file included from [01m[K/home/lty/xiaoping_ws/src/multi_turtlebot3/src/follower.cpp:2[m[K:
[01m[K/home/lty/xiaoping_ws/src/multi_turtlebot3/include/followerhead.h:[m[K In constructor ‘[01m[KFollower::Follower()[m[K’:
[01m[K/home/lty/xiaoping_ws/src/multi_turtlebot3/include/followerhead.h:9:45:[m[K [01;31m[Kerror: [m[Kcannot convert ‘[01m[Kdouble[m[K’ to ‘[01m[Kros::Rate*[m[K’ in initialization
    9 |     Follower():nh_(),private_nh_("~"),rate_([01;31m[K1.0[m[K){
      |                                             [01;31m[K^~~[m[K
      |                                             [01;31m[K|[m[K
      |                                             [01;31m[Kdouble[m[K
[01m[K/home/lty/xiaoping_ws/src/multi_turtlebot3/include/followerhead.h:[m[K In member function ‘[01m[Kvoid Follower::run()[m[K’:
[01m[K/home/lty/xiaoping_ws/src/multi_turtlebot3/include/followerhead.h:26:88:[m[K [01;31m[Kerror: [m[Kno matching function for call to ‘[01m[Ktf::TransformListener::lookupTransform(std::string&, std::string&, ros::Time, tf::Transform&)[m[K’
   26 |           listener_->lookupTransform(follower_frame,leader_frame,ros::Time(0),transform[01;31m[K)[m[K;
      |                                                                                        [01;31m[K^[m[K
In file included from [01m[K/opt/ros/noetic/include/tf/transform_listener.h:38[m[K,
                 from [01m[K/home/lty/xiaoping_ws/src/multi_turtlebot3/include/followerhead.h:4[m[K,
                 from [01m[K/home/lty/xiaoping_ws/src/multi_turtlebot3/src/follower.cpp:2[m[K:
[01m[K/opt/ros/noetic/include/tf/tf.h:142:8:[m[K [01;36m[Knote: [m[Kcandidate: ‘[01m[Kvoid tf::Transformer::lookupTransform(const string&, const string&, const ros::Time&, tf::StampedTransform&) const[m[K’
  142 |   void [01;36m[KlookupTransform[m[K(const std::string& target_frame, const std::string& source_frame,
      |        [01;36m[K^~~~~~~~~~~~~~~[m[K
[01m[K/opt/ros/noetic/include/tf/tf.h:143:65:[m[K [01;36m[Knote: [m[K  no known conversion for argument 4 from ‘[01m[Ktf::Transform[m[K’ to ‘[01m[Ktf::StampedTransform&[m[K’
  143 |                        const ros::Time& time, [01;36m[KStampedTransform& transform[m[K) const;
      |                                               [01;36m[K~~~~~~~~~~~~~~~~~~^~~~~~~~~[m[K
[01m[K/opt/ros/noetic/include/tf/tf.h:155:8:[m[K [01;36m[Knote: [m[Kcandidate: ‘[01m[Kvoid tf::Transformer::lookupTransform(const string&, const ros::Time&, const string&, const ros::Time&, const string&, tf::StampedTransform&) const[m[K’
  155 |   void [01;36m[KlookupTransform[m[K(const std::string& target_frame, const ros::Time& target_time,
      |        [01;36m[K^~~~~~~~~~~~~~~[m[K
[01m[K/opt/ros/noetic/include/tf/tf.h:155:8:[m[K [01;36m[Knote: [m[K  candidate expects 6 arguments, 4 provided
In file included from [01m[K/home/lty/xiaoping_ws/src/multi_turtlebot3/src/follower.cpp:2[m[K:
[01m[K/home/lty/xiaoping_ws/src/multi_turtlebot3/include/followerhead.h:34:80:[m[K [01;31m[Kerror: [m[Kno matching function for call to ‘[01m[Ktf::TransformListener::lookupTransform(const char [5], std::string&, ros::Time, tf::Transform&)[m[K’
   34 |           listener_->lookupTransform("/map",leader_frame,ros::Time(0),transform[01;31m[K)[m[K;
      |                                                                                [01;31m[K^[m[K
In file included from [01m[K/opt/ros/noetic/include/tf/transform_listener.h:38[m[K,
                 from [01m[K/home/lty/xiaoping_ws/src/multi_turtlebot3/include/followerhead.h:4[m[K,
                 from [01m[K/home/lty/xiaoping_ws/src/multi_turtlebot3/src/follower.cpp:2[m[K:
[01m[K/opt/ros/noetic/include/tf/tf.h:142:8:[m[K [01;36m[Knote: [m[Kcandidate: ‘[01m[Kvoid tf::Transformer::lookupTransform(const string&, const string&, const ros::Time&, tf::StampedTransform&) const[m[K’
  142 |   void [01;36m[KlookupTransform[m[K(const std::string& target_frame, const std::string& source_frame,
      |        [01;36m[K^~~~~~~~~~~~~~~[m[K
[01m[K/opt/ros/noetic/include/tf/tf.h:143:65:[m[K [01;36m[Knote: [m[K  no known conversion for argument 4 from ‘[01m[Ktf::Transform[m[K’ to ‘[01m[Ktf::StampedTransform&[m[K’
  143 |                        const ros::Time& time, [01;36m[KStampedTransform& transform[m[K) const;
      |                                               [01;36m[K~~~~~~~~~~~~~~~~~~^~~~~~~~~[m[K
[01m[K/opt/ros/noetic/include/tf/tf.h:155:8:[m[K [01;36m[Knote: [m[Kcandidate: ‘[01m[Kvoid tf::Transformer::lookupTransform(const string&, const ros::Time&, const string&, const ros::Time&, const string&, tf::StampedTransform&) const[m[K’
  155 |   void [01;36m[KlookupTransform[m[K(const std::string& target_frame, const ros::Time& target_time,
      |        [01;36m[K^~~~~~~~~~~~~~~[m[K
[01m[K/opt/ros/noetic/include/tf/tf.h:155:8:[m[K [01;36m[Knote: [m[K  candidate expects 6 arguments, 4 provided
In file included from [01m[K/opt/ros/noetic/include/ros/ros.h:40[m[K,
                 from [01m[K/home/lty/xiaoping_ws/src/multi_turtlebot3/include/followerhead.h:1[m[K,
                 from [01m[K/home/lty/xiaoping_ws/src/multi_turtlebot3/src/follower.cpp:2[m[K:
[01m[K/home/lty/xiaoping_ws/src/multi_turtlebot3/include/followerhead.h:[m[K In function ‘[01m[Kvoid followcallback(const TwistConstPtr&)[m[K’:
[01m[K/home/lty/xiaoping_ws/src/multi_turtlebot3/include/followerhead.h:68:51:[m[K [01;31m[Kerror: [m[K‘[01m[Kconst struct geometry_msgs::Twist_<std::allocator<void> >[m[K’ has no member named ‘[01m[Kx[m[K’
   68 |     ROS_INFO("Following now , to [%f,%f,%f]",msg->[01;31m[Kx[m[K,msg->y,msg->z);
      |                                                   [01;31m[K^[m[K
[01m[K/opt/ros/noetic/include/ros/console.h:351:165:[m[K [01;36m[Knote: [m[Kin definition of macro ‘[01m[KROSCONSOLE_PRINT_AT_LOCATION_WITH_FILTER[m[K’
  351 |     ::ros::console::print(filter, __rosconsole_define_location__loc.logger_, __rosconsole_define_location__loc.level_, __FILE__, __LINE__, __ROSCONSOLE_FUNCTION__, [01;36m[K__VA_ARGS__[m[K)
      |                                                                                                                                                                     [01;36m[K^~~~~~~~~~~[m[K
[01m[K/opt/ros/noetic/include/ros/console.h:390:7:[m[K [01;36m[Knote: [m[Kin expansion of macro ‘[01m[KROSCONSOLE_PRINT_AT_LOCATION[m[K’
  390 |       [01;36m[KROSCONSOLE_PRINT_AT_LOCATION[m[K(__VA_ARGS__); \
      |       [01;36m[K^~~~~~~~~~~~~~~~~~~~~~~~~~~~[m[K
[01m[K/opt/ros/noetic/include/ros/console.h:575:35:[m[K [01;36m[Knote: [m[Kin expansion of macro ‘[01m[KROS_LOG_COND[m[K’
  575 | #define ROS_LOG(level, name, ...) [01;36m[KROS_LOG_COND[m[K(true, level, name, __VA_ARGS__)
      |                                   [01;36m[K^~~~~~~~~~~~[m[K
[01m[K/opt/ros/noetic/include/rosconsole/macros_generated.h:110:23:[m[K [01;36m[Knote: [m[Kin expansion of macro ‘[01m[KROS_LOG[m[K’
  110 | #define ROS_INFO(...) [01;36m[KROS_LOG[m[K(::ros::console::levels::Info, ROSCONSOLE_DEFAULT_NAME, __VA_ARGS__)
      |                       [01;36m[K^~~~~~~[m[K
[01m[K/home/lty/xiaoping_ws/src/multi_turtlebot3/include/followerhead.h:68:5:[m[K [01;36m[Knote: [m[Kin expansion of macro ‘[01m[KROS_INFO[m[K’
   68 |     [01;36m[KROS_INFO[m[K("Following now , to [%f,%f,%f]",msg->x,msg->y,msg->z);
      |     [01;36m[K^~~~~~~~[m[K
[01m[K/home/lty/xiaoping_ws/src/multi_turtlebot3/include/followerhead.h:68:58:[m[K [01;31m[Kerror: [m[K‘[01m[Kconst struct geometry_msgs::Twist_<std::allocator<void> >[m[K’ has no member named ‘[01m[Ky[m[K’
   68 |     ROS_INFO("Following now , to [%f,%f,%f]",msg->x,msg->[01;31m[Ky[m[K,msg->z);
      |                                                          [01;31m[K^[m[K
[01m[K/opt/ros/noetic/include/ros/console.h:351:165:[m[K [01;36m[Knote: [m[Kin definition of macro ‘[01m[KROSCONSOLE_PRINT_AT_LOCATION_WITH_FILTER[m[K’
  351 |     ::ros::console::print(filter, __rosconsole_define_location__loc.logger_, __rosconsole_define_location__loc.level_, __FILE__, __LINE__, __ROSCONSOLE_FUNCTION__, [01;36m[K__VA_ARGS__[m[K)
      |                                                                                                                                                                     [01;36m[K^~~~~~~~~~~[m[K
[01m[K/opt/ros/noetic/include/ros/console.h:390:7:[m[K [01;36m[Knote: [m[Kin expansion of macro ‘[01m[KROSCONSOLE_PRINT_AT_LOCATION[m[K’
  390 |       [01;36m[KROSCONSOLE_PRINT_AT_LOCATION[m[K(__VA_ARGS__); \
      |       [01;36m[K^~~~~~~~~~~~~~~~~~~~~~~~~~~~[m[K
[01m[K/opt/ros/noetic/include/ros/console.h:575:35:[m[K [01;36m[Knote: [m[Kin expansion of macro ‘[01m[KROS_LOG_COND[m[K’
  575 | #define ROS_LOG(level, name, ...) [01;36m[KROS_LOG_COND[m[K(true, level, name, __VA_ARGS__)
      |                                   [01;36m[K^~~~~~~~~~~~[m[K
[01m[K/opt/ros/noetic/include/rosconsole/macros_generated.h:110:23:[m[K [01;36m[Knote: [m[Kin expansion of macro ‘[01m[KROS_LOG[m[K’
  110 | #define ROS_INFO(...) [01;36m[KROS_LOG[m[K(::ros::console::levels::Info, ROSCONSOLE_DEFAULT_NAME, __VA_ARGS__)
      |                       [01;36m[K^~~~~~~[m[K
[01m[K/home/lty/xiaoping_ws/src/multi_turtlebot3/include/followerhead.h:68:5:[m[K [01;36m[Knote: [m[Kin expansion of macro ‘[01m[KROS_INFO[m[K’
   68 |     [01;36m[KROS_INFO[m[K("Following now , to [%f,%f,%f]",msg->x,msg->y,msg->z);
      |     [01;36m[K^~~~~~~~[m[K
[01m[K/home/lty/xiaoping_ws/src/multi_turtlebot3/include/followerhead.h:68:65:[m[K [01;31m[Kerror: [m[K‘[01m[Kconst struct geometry_msgs::Twist_<std::allocator<void> >[m[K’ has no member named ‘[01m[Kz[m[K’
   68 |     ROS_INFO("Following now , to [%f,%f,%f]",msg->x,msg->y,msg->[01;31m[Kz[m[K);
      |                                                                 [01;31m[K^[m[K
[01m[K/opt/ros/noetic/include/ros/console.h:351:165:[m[K [01;36m[Knote: [m[Kin definition of macro ‘[01m[KROSCONSOLE_PRINT_AT_LOCATION_WITH_FILTER[m[K’
  351 |     ::ros::console::print(filter, __rosconsole_define_location__loc.logger_, __rosconsole_define_location__loc.level_, __FILE__, __LINE__, __ROSCONSOLE_FUNCTION__, [01;36m[K__VA_ARGS__[m[K)
      |                                                                                                                                                                     [01;36m[K^~~~~~~~~~~[m[K
[01m[K/opt/ros/noetic/include/ros/console.h:390:7:[m[K [01;36m[Knote: [m[Kin expansion of macro ‘[01m[KROSCONSOLE_PRINT_AT_LOCATION[m[K’
  390 |       [01;36m[KROSCONSOLE_PRINT_AT_LOCATION[m[K(__VA_ARGS__); \
      |       [01;36m[K^~~~~~~~~~~~~~~~~~~~~~~~~~~~[m[K
[01m[K/opt/ros/noetic/include/ros/console.h:575:35:[m[K [01;36m[Knote: [m[Kin expansion of macro ‘[01m[KROS_LOG_COND[m[K’
  575 | #define ROS_LOG(level, name, ...) [01;36m[KROS_LOG_COND[m[K(true, level, name, __VA_ARGS__)
      |                                   [01;36m[K^~~~~~~~~~~~[m[K
[01m[K/opt/ros/noetic/include/rosconsole/macros_generated.h:110:23:[m[K [01;36m[Knote: [m[Kin expansion of macro ‘[01m[KROS_LOG[m[K’
  110 | #define ROS_INFO(...) [01;36m[KROS_LOG[m[K(::ros::console::levels::Info, ROSCONSOLE_DEFAULT_NAME, __VA_ARGS__)
      |                       [01;36m[K^~~~~~~[m[K
[01m[K/home/lty/xiaoping_ws/src/multi_turtlebot3/include/followerhead.h:68:5:[m[K [01;36m[Knote: [m[Kin expansion of macro ‘[01m[KROS_INFO[m[K’
   68 |     [01;36m[KROS_INFO[m[K("Following now , to [%f,%f,%f]",msg->x,msg->y,msg->z);
      |     [01;36m[K^~~~~~~~[m[K
make[2]: *** [CMakeFiles/follower.dir/build.make:63：CMakeFiles/follower.dir/src/follower.cpp.o] 错误 1
make[1]: *** [CMakeFiles/Makefile2:1675：CMakeFiles/follower.dir/all] 错误 2
make: *** [Makefile:141：all] 错误 2
