[01m[K/home/lty/xiaoping_ws/src/connect_tf_tree/src/connection.cpp:[m[K In function ‘[01m[Kint main(int, char**)[m[K’:
[01m[K/home/lty/xiaoping_ws/src/connect_tf_tree/src/connection.cpp:24:92:[m[K [01;31m[Kerror: [m[Kno matching function for call to ‘[01m[Kros::NodeHandle::subscribe(const char [11], int, boost::_bi::bind_t<void, void (*)(const boost::shared_ptr<const nav_msgs::Odometry_<std::allocator<void> > >&, std::__cxx11::basic_string<char>), boost::_bi::list2<boost::arg<1>, boost::_bi::value<const char*> > >)[m[K’
   24 |   ros::Subscriber sub3_0 = n.subscribe("tb3_0/odom", 10, boost::bind(callback, _1, "tb3_0")[01;31m[K)[m[K;
      |                                                                                            [01;31m[K^[m[K
In file included from [01m[K/opt/ros/noetic/include/ros/ros.h:45[m[K,
                 from [01m[K/home/lty/xiaoping_ws/src/connect_tf_tree/src/connection.cpp:1[m[K:
[01m[K/opt/ros/noetic/include/ros/node_handle.h:400:14:[m[K [01;36m[Knote: [m[Kcandidate: ‘[01m[Ktemplate<class M, class T> ros::Subscriber ros::NodeHandle::subscribe(const string&, uint32_t, void (T::*)(M), T*, const ros::TransportHints&)[m[K’
  400 |   Subscriber [01;36m[Ksubscribe[m[K(const std::string& topic, uint32_t queue_size, void(T::*fp)(M), T* obj,
      |              [01;36m[K^~~~~~~~~[m[K
[01m[K/opt/ros/noetic/include/ros/node_handle.h:400:14:[m[K [01;36m[Knote: [m[K  template argument deduction/substitution failed:
[01m[K/home/lty/xiaoping_ws/src/connect_tf_tree/src/connection.cpp:24:92:[m[K [01;36m[Knote: [m[K  mismatched types ‘[01m[Kvoid (T::*)(M)[m[K’ and ‘[01m[Kboost::_bi::bind_t<void, void (*)(const boost::shared_ptr<const nav_msgs::Odometry_<std::allocator<void> > >&, std::__cxx11::basic_string<char>), boost::_bi::list2<boost::arg<1>, boost::_bi::value<const char*> > >[m[K’
   24 |   ros::Subscriber sub3_0 = n.subscribe("tb3_0/odom", 10, boost::bind(callback, _1, "tb3_0")[01;36m[K)[m[K;
      |                                                                                            [01;36m[K^[m[K
In file included from [01m[K/opt/ros/noetic/include/ros/ros.h:45[m[K,
                 from [01m[K/home/lty/xiaoping_ws/src/connect_tf_tree/src/connection.cpp:1[m[K:
[01m[K/opt/ros/noetic/include/ros/node_handle.h:411:14:[m[K [01;36m[Knote: [m[Kcandidate: ‘[01m[Ktemplate<class M, class T> ros::Subscriber ros::NodeHandle::subscribe(const string&, uint32_t, void (T::*)(M) const, T*, const ros::TransportHints&)[m[K’
  411 |   Subscriber [01;36m[Ksubscribe[m[K(const std::string& topic, uint32_t queue_size, void(T::*fp)(M) const, T* obj,
      |              [01;36m[K^~~~~~~~~[m[K
[01m[K/opt/ros/noetic/include/ros/node_handle.h:411:14:[m[K [01;36m[Knote: [m[K  template argument deduction/substitution failed:
[01m[K/home/lty/xiaoping_ws/src/connect_tf_tree/src/connection.cpp:24:92:[m[K [01;36m[Knote: [m[K  mismatched types ‘[01m[Kvoid (T::*)(M) const[m[K’ and ‘[01m[Kboost::_bi::bind_t<void, void (*)(const boost::shared_ptr<const nav_msgs::Odometry_<std::allocator<void> > >&, std::__cxx11::basic_string<char>), boost::_bi::list2<boost::arg<1>, boost::_bi::value<const char*> > >[m[K’
   24 |   ros::Subscriber sub3_0 = n.subscribe("tb3_0/odom", 10, boost::bind(callback, _1, "tb3_0")[01;36m[K)[m[K;
      |                                                                                            [01;36m[K^[m[K
In file included from [01m[K/opt/ros/noetic/include/ros/ros.h:45[m[K,
                 from [01m[K/home/lty/xiaoping_ws/src/connect_tf_tree/src/connection.cpp:1[m[K:
[01m[K/opt/ros/noetic/include/ros/node_handle.h:463:14:[m[K [01;36m[Knote: [m[Kcandidate: ‘[01m[Ktemplate<class M, class T> ros::Subscriber ros::NodeHandle::subscribe(const string&, uint32_t, void (T::*)(const boost::shared_ptr<const M>&), T*, const ros::TransportHints&)[m[K’
  463 |   Subscriber [01;36m[Ksubscribe[m[K(const std::string& topic, uint32_t queue_size,
      |              [01;36m[K^~~~~~~~~[m[K
[01m[K/opt/ros/noetic/include/ros/node_handle.h:463:14:[m[K [01;36m[Knote: [m[K  template argument deduction/substitution failed:
[01m[K/home/lty/xiaoping_ws/src/connect_tf_tree/src/connection.cpp:24:92:[m[K [01;36m[Knote: [m[K  mismatched types ‘[01m[Kvoid (T::*)(const boost::shared_ptr<const M>&)[m[K’ and ‘[01m[Kboost::_bi::bind_t<void, void (*)(const boost::shared_ptr<const nav_msgs::Odometry_<std::allocator<void> > >&, std::__cxx11::basic_string<char>), boost::_bi::list2<boost::arg<1>, boost::_bi::value<const char*> > >[m[K’
   24 |   ros::Subscriber sub3_0 = n.subscribe("tb3_0/odom", 10, boost::bind(callback, _1, "tb3_0")[01;36m[K)[m[K;
      |                                                                                            [01;36m[K^[m[K
In file included from [01m[K/opt/ros/noetic/include/ros/ros.h:45[m[K,
                 from [01m[K/home/lty/xiaoping_ws/src/connect_tf_tree/src/connection.cpp:1[m[K:
[01m[K/opt/ros/noetic/include/ros/node_handle.h:473:14:[m[K [01;36m[Knote: [m[Kcandidate: ‘[01m[Ktemplate<class M, class T> ros::Subscriber ros::NodeHandle::subscribe(const string&, uint32_t, void (T::*)(const boost::shared_ptr<const M>&) const, T*, const ros::TransportHints&)[m[K’
  473 |   Subscriber [01;36m[Ksubscribe[m[K(const std::string& topic, uint32_t queue_size,
      |              [01;36m[K^~~~~~~~~[m[K
[01m[K/opt/ros/noetic/include/ros/node_handle.h:473:14:[m[K [01;36m[Knote: [m[K  template argument deduction/substitution failed:
[01m[K/home/lty/xiaoping_ws/src/connect_tf_tree/src/connection.cpp:24:92:[m[K [01;36m[Knote: [m[K  mismatched types ‘[01m[Kvoid (T::*)(const boost::shared_ptr<const M>&) const[m[K’ and ‘[01m[Kboost::_bi::bind_t<void, void (*)(const boost::shared_ptr<const nav_msgs::Odometry_<std::allocator<void> > >&, std::__cxx11::basic_string<char>), boost::_bi::list2<boost::arg<1>, boost::_bi::value<const char*> > >[m[K’
   24 |   ros::Subscriber sub3_0 = n.subscribe("tb3_0/odom", 10, boost::bind(callback, _1, "tb3_0")[01;36m[K)[m[K;
      |                                                                                            [01;36m[K^[m[K
In file included from [01m[K/opt/ros/noetic/include/ros/ros.h:45[m[K,
                 from [01m[K/home/lty/xiaoping_ws/src/connect_tf_tree/src/connection.cpp:1[m[K:
[01m[K/opt/ros/noetic/include/ros/node_handle.h:527:14:[m[K [01;36m[Knote: [m[Kcandidate: ‘[01m[Ktemplate<class M, class T> ros::Subscriber ros::NodeHandle::subscribe(const string&, uint32_t, void (T::*)(M), const boost::shared_ptr<U>&, const ros::TransportHints&)[m[K’
  527 |   Subscriber [01;36m[Ksubscribe[m[K(const std::string& topic, uint32_t queue_size, void(T::*fp)(M),
      |              [01;36m[K^~~~~~~~~[m[K
[01m[K/opt/ros/noetic/include/ros/node_handle.h:527:14:[m[K [01;36m[Knote: [m[K  template argument deduction/substitution failed:
[01m[K/home/lty/xiaoping_ws/src/connect_tf_tree/src/connection.cpp:24:92:[m[K [01;36m[Knote: [m[K  mismatched types ‘[01m[Kvoid (T::*)(M)[m[K’ and ‘[01m[Kboost::_bi::bind_t<void, void (*)(const boost::shared_ptr<const nav_msgs::Odometry_<std::allocator<void> > >&, std::__cxx11::basic_string<char>), boost::_bi::list2<boost::arg<1>, boost::_bi::value<const char*> > >[m[K’
   24 |   ros::Subscriber sub3_0 = n.subscribe("tb3_0/odom", 10, boost::bind(callback, _1, "tb3_0")[01;36m[K)[m[K;
      |                                                                                            [01;36m[K^[m[K
In file included from [01m[K/opt/ros/noetic/include/ros/ros.h:45[m[K,
                 from [01m[K/home/lty/xiaoping_ws/src/connect_tf_tree/src/connection.cpp:1[m[K:
[01m[K/opt/ros/noetic/include/ros/node_handle.h:538:14:[m[K [01;36m[Knote: [m[Kcandidate: ‘[01m[Ktemplate<class M, class T> ros::Subscriber ros::NodeHandle::subscribe(const string&, uint32_t, void (T::*)(M) const, const boost::shared_ptr<U>&, const ros::TransportHints&)[m[K’
  538 |   Subscriber [01;36m[Ksubscribe[m[K(const std::string& topic, uint32_t queue_size, void(T::*fp)(M) const,
      |              [01;36m[K^~~~~~~~~[m[K
[01m[K/opt/ros/noetic/include/ros/node_handle.h:538:14:[m[K [01;36m[Knote: [m[K  template argument deduction/substitution failed:
[01m[K/home/lty/xiaoping_ws/src/connect_tf_tree/src/connection.cpp:24:92:[m[K [01;36m[Knote: [m[K  mismatched types ‘[01m[Kvoid (T::*)(M) const[m[K’ and ‘[01m[Kboost::_bi::bind_t<void, void (*)(const boost::shared_ptr<const nav_msgs::Odometry_<std::allocator<void> > >&, std::__cxx11::basic_string<char>), boost::_bi::list2<boost::arg<1>, boost::_bi::value<const char*> > >[m[K’
   24 |   ros::Subscriber sub3_0 = n.subscribe("tb3_0/odom", 10, boost::bind(callback, _1, "tb3_0")[01;36m[K)[m[K;
      |                                                                                            [01;36m[K^[m[K
In file included from [01m[K/opt/ros/noetic/include/ros/ros.h:45[m[K,
                 from [01m[K/home/lty/xiaoping_ws/src/connect_tf_tree/src/connection.cpp:1[m[K:
[01m[K/opt/ros/noetic/include/ros/node_handle.h:592:14:[m[K [01;36m[Knote: [m[Kcandidate: ‘[01m[Ktemplate<class M, class T> ros::Subscriber ros::NodeHandle::subscribe(const string&, uint32_t, void (T::*)(const boost::shared_ptr<const M>&), const boost::shared_ptr<U>&, const ros::TransportHints&)[m[K’
  592 |   Subscriber [01;36m[Ksubscribe[m[K(const std::string& topic, uint32_t queue_size,
      |              [01;36m[K^~~~~~~~~[m[K
[01m[K/opt/ros/noetic/include/ros/node_handle.h:592:14:[m[K [01;36m[Knote: [m[K  template argument deduction/substitution failed:
[01m[K/home/lty/xiaoping_ws/src/connect_tf_tree/src/connection.cpp:24:92:[m[K [01;36m[Knote: [m[K  mismatched types ‘[01m[Kvoid (T::*)(const boost::shared_ptr<const M>&)[m[K’ and ‘[01m[Kboost::_bi::bind_t<void, void (*)(const boost::shared_ptr<const nav_msgs::Odometry_<std::allocator<void> > >&, std::__cxx11::basic_string<char>), boost::_bi::list2<boost::arg<1>, boost::_bi::value<const char*> > >[m[K’
   24 |   ros::Subscriber sub3_0 = n.subscribe("tb3_0/odom", 10, boost::bind(callback, _1, "tb3_0")[01;36m[K)[m[K;
      |                                                                                            [01;36m[K^[m[K
In file included from [01m[K/opt/ros/noetic/include/ros/ros.h:45[m[K,
                 from [01m[K/home/lty/xiaoping_ws/src/connect_tf_tree/src/connection.cpp:1[m[K:
[01m[K/opt/ros/noetic/include/ros/node_handle.h:603:14:[m[K [01;36m[Knote: [m[Kcandidate: ‘[01m[Ktemplate<class M, class T> ros::Subscriber ros::NodeHandle::subscribe(const string&, uint32_t, void (T::*)(const boost::shared_ptr<const M>&) const, const boost::shared_ptr<U>&, const ros::TransportHints&)[m[K’
  603 |   Subscriber [01;36m[Ksubscribe[m[K(const std::string& topic, uint32_t queue_size,
      |              [01;36m[K^~~~~~~~~[m[K
[01m[K/opt/ros/noetic/include/ros/node_handle.h:603:14:[m[K [01;36m[Knote: [m[K  template argument deduction/substitution failed:
[01m[K/home/lty/xiaoping_ws/src/connect_tf_tree/src/connection.cpp:24:92:[m[K [01;36m[Knote: [m[K  mismatched types ‘[01m[Kvoid (T::*)(const boost::shared_ptr<const M>&) const[m[K’ and ‘[01m[Kboost::_bi::bind_t<void, void (*)(const boost::shared_ptr<const nav_msgs::Odometry_<std::allocator<void> > >&, std::__cxx11::basic_string<char>), boost::_bi::list2<boost::arg<1>, boost::_bi::value<const char*> > >[m[K’
   24 |   ros::Subscriber sub3_0 = n.subscribe("tb3_0/odom", 10, boost::bind(callback, _1, "tb3_0")[01;36m[K)[m[K;
      |                                                                                            [01;36m[K^[m[K
In file included from [01m[K/opt/ros/noetic/include/ros/ros.h:45[m[K,
                 from [01m[K/home/lty/xiaoping_ws/src/connect_tf_tree/src/connection.cpp:1[m[K:
[01m[K/opt/ros/noetic/include/ros/node_handle.h:654:14:[m[K [01;36m[Knote: [m[Kcandidate: ‘[01m[Ktemplate<class M> ros::Subscriber ros::NodeHandle::subscribe(const string&, uint32_t, void (*)(M), const ros::TransportHints&)[m[K’
  654 |   Subscriber [01;36m[Ksubscribe[m[K(const std::string& topic, uint32_t queue_size, void(*fp)(M), const TransportHints& transport_hints = TransportHints())
      |              [01;36m[K^~~~~~~~~[m[K
[01m[K/opt/ros/noetic/include/ros/node_handle.h:654:14:[m[K [01;36m[Knote: [m[K  template argument deduction/substitution failed:
[01m[K/home/lty/xiaoping_ws/src/connect_tf_tree/src/connection.cpp:24:92:[m[K [01;36m[Knote: [m[K  mismatched types ‘[01m[Kvoid (*)(M)[m[K’ and ‘[01m[Kboost::_bi::bind_t<void, void (*)(const boost::shared_ptr<const nav_msgs::Odometry_<std::allocator<void> > >&, std::__cxx11::basic_string<char>), boost::_bi::list2<boost::arg<1>, boost::_bi::value<const char*> > >[m[K’
   24 |   ros::Subscriber sub3_0 = n.subscribe("tb3_0/odom", 10, boost::bind(callback, _1, "tb3_0")[01;36m[K)[m[K;
      |                                                                                            [01;36m[K^[m[K
In file included from [01m[K/opt/ros/noetic/include/ros/ros.h:45[m[K,
                 from [01m[K/home/lty/xiaoping_ws/src/connect_tf_tree/src/connection.cpp:1[m[K:
[01m[K/opt/ros/noetic/include/ros/node_handle.h:702:14:[m[K [01;36m[Knote: [m[Kcandidate: ‘[01m[Ktemplate<class M> ros::Subscriber ros::NodeHandle::subscribe(const string&, uint32_t, void (*)(const boost::shared_ptr<const M>&), const ros::TransportHints&)[m[K’
  702 |   Subscriber [01;36m[Ksubscribe[m[K(const std::string& topic, uint32_t queue_size, void(*fp)(const boost::shared_ptr<M const>&), const TransportHints& transport_hints = TransportHints())
      |              [01;36m[K^~~~~~~~~[m[K
[01m[K/opt/ros/noetic/include/ros/node_handle.h:702:14:[m[K [01;36m[Knote: [m[K  template argument deduction/substitution failed:
[01m[K/home/lty/xiaoping_ws/src/connect_tf_tree/src/connection.cpp:24:92:[m[K [01;36m[Knote: [m[K  mismatched types ‘[01m[Kvoid (*)(const boost::shared_ptr<const M>&)[m[K’ and ‘[01m[Kboost::_bi::bind_t<void, void (*)(const boost::shared_ptr<const nav_msgs::Odometry_<std::allocator<void> > >&, std::__cxx11::basic_string<char>), boost::_bi::list2<boost::arg<1>, boost::_bi::value<const char*> > >[m[K’
   24 |   ros::Subscriber sub3_0 = n.subscribe("tb3_0/odom", 10, boost::bind(callback, _1, "tb3_0")[01;36m[K)[m[K;
      |                                                                                            [01;36m[K^[m[K
In file included from [01m[K/opt/ros/noetic/include/ros/ros.h:45[m[K,
                 from [01m[K/home/lty/xiaoping_ws/src/connect_tf_tree/src/connection.cpp:1[m[K:
[01m[K/opt/ros/noetic/include/ros/node_handle.h:748:14:[m[K [01;36m[Knote: [m[Kcandidate: ‘[01m[Ktemplate<class M> ros::Subscriber ros::NodeHandle::subscribe(const string&, uint32_t, const boost::function<void(const boost::shared_ptr<const M>&)>&, const VoidConstPtr&, const ros::TransportHints&)[m[K’
  748 |   Subscriber [01;36m[Ksubscribe[m[K(const std::string& topic, uint32_t queue_size, const boost::function<void (const boost::shared_ptr<M const>&)>& callback,
      |              [01;36m[K^~~~~~~~~[m[K
[01m[K/opt/ros/noetic/include/ros/node_handle.h:748:14:[m[K [01;36m[Knote: [m[K  template argument deduction/substitution failed:
[01m[K/home/lty/xiaoping_ws/src/connect_tf_tree/src/connection.cpp:24:92:[m[K [01;36m[Knote: [m[K  ‘[01m[Kboost::_bi::bind_t<void, void (*)(const boost::shared_ptr<const nav_msgs::Odometry_<std::allocator<void> > >&, std::__cxx11::basic_string<char>), boost::_bi::list2<boost::arg<1>, boost::_bi::value<const char*> > >[m[K’ is not derived from ‘[01m[Kconst boost::function<void(const boost::shared_ptr<const M>&)>[m[K’
   24 |   ros::Subscriber sub3_0 = n.subscribe("tb3_0/odom", 10, boost::bind(callback, _1, "tb3_0")[01;36m[K)[m[K;
      |                                                                                            [01;36m[K^[m[K
In file included from [01m[K/opt/ros/noetic/include/ros/ros.h:45[m[K,
                 from [01m[K/home/lty/xiaoping_ws/src/connect_tf_tree/src/connection.cpp:1[m[K:
[01m[K/opt/ros/noetic/include/ros/node_handle.h:797:14:[m[K [01;36m[Knote: [m[Kcandidate: ‘[01m[Ktemplate<class M, class C> ros::Subscriber ros::NodeHandle::subscribe(const string&, uint32_t, const boost::function<void(C)>&, const VoidConstPtr&, const ros::TransportHints&)[m[K’
  797 |   Subscriber [01;36m[Ksubscribe[m[K(const std::string& topic, uint32_t queue_size, const boost::function<void (C)>& callback,
      |              [01;36m[K^~~~~~~~~[m[K
[01m[K/opt/ros/noetic/include/ros/node_handle.h:797:14:[m[K [01;36m[Knote: [m[K  template argument deduction/substitution failed:
[01m[K/home/lty/xiaoping_ws/src/connect_tf_tree/src/connection.cpp:24:92:[m[K [01;36m[Knote: [m[K  ‘[01m[Kboost::_bi::bind_t<void, void (*)(const boost::shared_ptr<const nav_msgs::Odometry_<std::allocator<void> > >&, std::__cxx11::basic_string<char>), boost::_bi::list2<boost::arg<1>, boost::_bi::value<const char*> > >[m[K’ is not derived from ‘[01m[Kconst boost::function<void(C)>[m[K’
   24 |   ros::Subscriber sub3_0 = n.subscribe("tb3_0/odom", 10, boost::bind(callback, _1, "tb3_0")[01;36m[K)[m[K;
      |                                                                                            [01;36m[K^[m[K
In file included from [01m[K/opt/ros/noetic/include/ros/ros.h:45[m[K,
                 from [01m[K/home/lty/xiaoping_ws/src/connect_tf_tree/src/connection.cpp:1[m[K:
[01m[K/opt/ros/noetic/include/ros/node_handle.h:834:14:[m[K [01;36m[Knote: [m[Kcandidate: ‘[01m[Kros::Subscriber ros::NodeHandle::subscribe(ros::SubscribeOptions&)[m[K’
  834 |   Subscriber [01;36m[Ksubscribe[m[K(SubscribeOptions& ops);
      |              [01;36m[K^~~~~~~~~[m[K
[01m[K/opt/ros/noetic/include/ros/node_handle.h:834:14:[m[K [01;36m[Knote: [m[K  candidate expects 1 argument, 3 provided
[01m[K/home/lty/xiaoping_ws/src/connect_tf_tree/src/connection.cpp:25:92:[m[K [01;31m[Kerror: [m[Kno matching function for call to ‘[01m[Kros::NodeHandle::subscribe(const char [11], int, boost::_bi::bind_t<void, void (*)(const boost::shared_ptr<const nav_msgs::Odometry_<std::allocator<void> > >&, std::__cxx11::basic_string<char>), boost::_bi::list2<boost::arg<1>, boost::_bi::value<const char*> > >)[m[K’
   25 |   ros::Subscriber sub3_1 = n.subscribe("tb3_1/odom", 10, boost::bind(callback, _1, "tb3_1")[01;31m[K)[m[K;
      |                                                                                            [01;31m[K^[m[K
In file included from [01m[K/opt/ros/noetic/include/ros/ros.h:45[m[K,
                 from [01m[K/home/lty/xiaoping_ws/src/connect_tf_tree/src/connection.cpp:1[m[K:
[01m[K/opt/ros/noetic/include/ros/node_handle.h:400:14:[m[K [01;36m[Knote: [m[Kcandidate: ‘[01m[Ktemplate<class M, class T> ros::Subscriber ros::NodeHandle::subscribe(const string&, uint32_t, void (T::*)(M), T*, const ros::TransportHints&)[m[K’
  400 |   Subscriber [01;36m[Ksubscribe[m[K(const std::string& topic, uint32_t queue_size, void(T::*fp)(M), T* obj,
      |              [01;36m[K^~~~~~~~~[m[K
[01m[K/opt/ros/noetic/include/ros/node_handle.h:400:14:[m[K [01;36m[Knote: [m[K  template argument deduction/substitution failed:
[01m[K/home/lty/xiaoping_ws/src/connect_tf_tree/src/connection.cpp:25:92:[m[K [01;36m[Knote: [m[K  mismatched types ‘[01m[Kvoid (T::*)(M)[m[K’ and ‘[01m[Kboost::_bi::bind_t<void, void (*)(const boost::shared_ptr<const nav_msgs::Odometry_<std::allocator<void> > >&, std::__cxx11::basic_string<char>), boost::_bi::list2<boost::arg<1>, boost::_bi::value<const char*> > >[m[K’
   25 |   ros::Subscriber sub3_1 = n.subscribe("tb3_1/odom", 10, boost::bind(callback, _1, "tb3_1")[01;36m[K)[m[K;
      |                                                                                            [01;36m[K^[m[K
In file included from [01m[K/opt/ros/noetic/include/ros/ros.h:45[m[K,
                 from [01m[K/home/lty/xiaoping_ws/src/connect_tf_tree/src/connection.cpp:1[m[K:
[01m[K/opt/ros/noetic/include/ros/node_handle.h:411:14:[m[K [01;36m[Knote: [m[Kcandidate: ‘[01m[Ktemplate<class M, class T> ros::Subscriber ros::NodeHandle::subscribe(const string&, uint32_t, void (T::*)(M) const, T*, const ros::TransportHints&)[m[K’
  411 |   Subscriber [01;36m[Ksubscribe[m[K(const std::string& topic, uint32_t queue_size, void(T::*fp)(M) const, T* obj,
      |              [01;36m[K^~~~~~~~~[m[K
[01m[K/opt/ros/noetic/include/ros/node_handle.h:411:14:[m[K [01;36m[Knote: [m[K  template argument deduction/substitution failed:
[01m[K/home/lty/xiaoping_ws/src/connect_tf_tree/src/connection.cpp:25:92:[m[K [01;36m[Knote: [m[K  mismatched types ‘[01m[Kvoid (T::*)(M) const[m[K’ and ‘[01m[Kboost::_bi::bind_t<void, void (*)(const boost::shared_ptr<const nav_msgs::Odometry_<std::allocator<void> > >&, std::__cxx11::basic_string<char>), boost::_bi::list2<boost::arg<1>, boost::_bi::value<const char*> > >[m[K’
   25 |   ros::Subscriber sub3_1 = n.subscribe("tb3_1/odom", 10, boost::bind(callback, _1, "tb3_1")[01;36m[K)[m[K;
      |                                                                                            [01;36m[K^[m[K
In file included from [01m[K/opt/ros/noetic/include/ros/ros.h:45[m[K,
                 from [01m[K/home/lty/xiaoping_ws/src/connect_tf_tree/src/connection.cpp:1[m[K:
[01m[K/opt/ros/noetic/include/ros/node_handle.h:463:14:[m[K [01;36m[Knote: [m[Kcandidate: ‘[01m[Ktemplate<class M, class T> ros::Subscriber ros::NodeHandle::subscribe(const string&, uint32_t, void (T::*)(const boost::shared_ptr<const M>&), T*, const ros::TransportHints&)[m[K’
  463 |   Subscriber [01;36m[Ksubscribe[m[K(const std::string& topic, uint32_t queue_size,
      |              [01;36m[K^~~~~~~~~[m[K
[01m[K/opt/ros/noetic/include/ros/node_handle.h:463:14:[m[K [01;36m[Knote: [m[K  template argument deduction/substitution failed:
[01m[K/home/lty/xiaoping_ws/src/connect_tf_tree/src/connection.cpp:25:92:[m[K [01;36m[Knote: [m[K  mismatched types ‘[01m[Kvoid (T::*)(const boost::shared_ptr<const M>&)[m[K’ and ‘[01m[Kboost::_bi::bind_t<void, void (*)(const boost::shared_ptr<const nav_msgs::Odometry_<std::allocator<void> > >&, std::__cxx11::basic_string<char>), boost::_bi::list2<boost::arg<1>, boost::_bi::value<const char*> > >[m[K’
   25 |   ros::Subscriber sub3_1 = n.subscribe("tb3_1/odom", 10, boost::bind(callback, _1, "tb3_1")[01;36m[K)[m[K;
      |                                                                                            [01;36m[K^[m[K
In file included from [01m[K/opt/ros/noetic/include/ros/ros.h:45[m[K,
                 from [01m[K/home/lty/xiaoping_ws/src/connect_tf_tree/src/connection.cpp:1[m[K:
[01m[K/opt/ros/noetic/include/ros/node_handle.h:473:14:[m[K [01;36m[Knote: [m[Kcandidate: ‘[01m[Ktemplate<class M, class T> ros::Subscriber ros::NodeHandle::subscribe(const string&, uint32_t, void (T::*)(const boost::shared_ptr<const M>&) const, T*, const ros::TransportHints&)[m[K’
  473 |   Subscriber [01;36m[Ksubscribe[m[K(const std::string& topic, uint32_t queue_size,
      |              [01;36m[K^~~~~~~~~[m[K
[01m[K/opt/ros/noetic/include/ros/node_handle.h:473:14:[m[K [01;36m[Knote: [m[K  template argument deduction/substitution failed:
[01m[K/home/lty/xiaoping_ws/src/connect_tf_tree/src/connection.cpp:25:92:[m[K [01;36m[Knote: [m[K  mismatched types ‘[01m[Kvoid (T::*)(const boost::shared_ptr<const M>&) const[m[K’ and ‘[01m[Kboost::_bi::bind_t<void, void (*)(const boost::shared_ptr<const nav_msgs::Odometry_<std::allocator<void> > >&, std::__cxx11::basic_string<char>), boost::_bi::list2<boost::arg<1>, boost::_bi::value<const char*> > >[m[K’
   25 |   ros::Subscriber sub3_1 = n.subscribe("tb3_1/odom", 10, boost::bind(callback, _1, "tb3_1")[01;36m[K)[m[K;
      |                                                                                            [01;36m[K^[m[K
In file included from [01m[K/opt/ros/noetic/include/ros/ros.h:45[m[K,
                 from [01m[K/home/lty/xiaoping_ws/src/connect_tf_tree/src/connection.cpp:1[m[K:
[01m[K/opt/ros/noetic/include/ros/node_handle.h:527:14:[m[K [01;36m[Knote: [m[Kcandidate: ‘[01m[Ktemplate<class M, class T> ros::Subscriber ros::NodeHandle::subscribe(const string&, uint32_t, void (T::*)(M), const boost::shared_ptr<U>&, const ros::TransportHints&)[m[K’
  527 |   Subscriber [01;36m[Ksubscribe[m[K(const std::string& topic, uint32_t queue_size, void(T::*fp)(M),
      |              [01;36m[K^~~~~~~~~[m[K
[01m[K/opt/ros/noetic/include/ros/node_handle.h:527:14:[m[K [01;36m[Knote: [m[K  template argument deduction/substitution failed:
[01m[K/home/lty/xiaoping_ws/src/connect_tf_tree/src/connection.cpp:25:92:[m[K [01;36m[Knote: [m[K  mismatched types ‘[01m[Kvoid (T::*)(M)[m[K’ and ‘[01m[Kboost::_bi::bind_t<void, void (*)(const boost::shared_ptr<const nav_msgs::Odometry_<std::allocator<void> > >&, std::__cxx11::basic_string<char>), boost::_bi::list2<boost::arg<1>, boost::_bi::value<const char*> > >[m[K’
   25 |   ros::Subscriber sub3_1 = n.subscribe("tb3_1/odom", 10, boost::bind(callback, _1, "tb3_1")[01;36m[K)[m[K;
      |                                                                                            [01;36m[K^[m[K
In file included from [01m[K/opt/ros/noetic/include/ros/ros.h:45[m[K,
                 from [01m[K/home/lty/xiaoping_ws/src/connect_tf_tree/src/connection.cpp:1[m[K:
[01m[K/opt/ros/noetic/include/ros/node_handle.h:538:14:[m[K [01;36m[Knote: [m[Kcandidate: ‘[01m[Ktemplate<class M, class T> ros::Subscriber ros::NodeHandle::subscribe(const string&, uint32_t, void (T::*)(M) const, const boost::shared_ptr<U>&, const ros::TransportHints&)[m[K’
  538 |   Subscriber [01;36m[Ksubscribe[m[K(const std::string& topic, uint32_t queue_size, void(T::*fp)(M) const,
      |              [01;36m[K^~~~~~~~~[m[K
[01m[K/opt/ros/noetic/include/ros/node_handle.h:538:14:[m[K [01;36m[Knote: [m[K  template argument deduction/substitution failed:
[01m[K/home/lty/xiaoping_ws/src/connect_tf_tree/src/connection.cpp:25:92:[m[K [01;36m[Knote: [m[K  mismatched types ‘[01m[Kvoid (T::*)(M) const[m[K’ and ‘[01m[Kboost::_bi::bind_t<void, void (*)(const boost::shared_ptr<const nav_msgs::Odometry_<std::allocator<void> > >&, std::__cxx11::basic_string<char>), boost::_bi::list2<boost::arg<1>, boost::_bi::value<const char*> > >[m[K’
   25 |   ros::Subscriber sub3_1 = n.subscribe("tb3_1/odom", 10, boost::bind(callback, _1, "tb3_1")[01;36m[K)[m[K;
      |                                                                                            [01;36m[K^[m[K
In file included from [01m[K/opt/ros/noetic/include/ros/ros.h:45[m[K,
                 from [01m[K/home/lty/xiaoping_ws/src/connect_tf_tree/src/connection.cpp:1[m[K:
[01m[K/opt/ros/noetic/include/ros/node_handle.h:592:14:[m[K [01;36m[Knote: [m[Kcandidate: ‘[01m[Ktemplate<class M, class T> ros::Subscriber ros::NodeHandle::subscribe(const string&, uint32_t, void (T::*)(const boost::shared_ptr<const M>&), const boost::shared_ptr<U>&, const ros::TransportHints&)[m[K’
  592 |   Subscriber [01;36m[Ksubscribe[m[K(const std::string& topic, uint32_t queue_size,
      |              [01;36m[K^~~~~~~~~[m[K
[01m[K/opt/ros/noetic/include/ros/node_handle.h:592:14:[m[K [01;36m[Knote: [m[K  template argument deduction/substitution failed:
[01m[K/home/lty/xiaoping_ws/src/connect_tf_tree/src/connection.cpp:25:92:[m[K [01;36m[Knote: [m[K  mismatched types ‘[01m[Kvoid (T::*)(const boost::shared_ptr<const M>&)[m[K’ and ‘[01m[Kboost::_bi::bind_t<void, void (*)(const boost::shared_ptr<const nav_msgs::Odometry_<std::allocator<void> > >&, std::__cxx11::basic_string<char>), boost::_bi::list2<boost::arg<1>, boost::_bi::value<const char*> > >[m[K’
   25 |   ros::Subscriber sub3_1 = n.subscribe("tb3_1/odom", 10, boost::bind(callback, _1, "tb3_1")[01;36m[K)[m[K;
      |                                                                                            [01;36m[K^[m[K
In file included from [01m[K/opt/ros/noetic/include/ros/ros.h:45[m[K,
                 from [01m[K/home/lty/xiaoping_ws/src/connect_tf_tree/src/connection.cpp:1[m[K:
[01m[K/opt/ros/noetic/include/ros/node_handle.h:603:14:[m[K [01;36m[Knote: [m[Kcandidate: ‘[01m[Ktemplate<class M, class T> ros::Subscriber ros::NodeHandle::subscribe(const string&, uint32_t, void (T::*)(const boost::shared_ptr<const M>&) const, const boost::shared_ptr<U>&, const ros::TransportHints&)[m[K’
  603 |   Subscriber [01;36m[Ksubscribe[m[K(const std::string& topic, uint32_t queue_size,
      |              [01;36m[K^~~~~~~~~[m[K
[01m[K/opt/ros/noetic/include/ros/node_handle.h:603:14:[m[K [01;36m[Knote: [m[K  template argument deduction/substitution failed:
[01m[K/home/lty/xiaoping_ws/src/connect_tf_tree/src/connection.cpp:25:92:[m[K [01;36m[Knote: [m[K  mismatched types ‘[01m[Kvoid (T::*)(const boost::shared_ptr<const M>&) const[m[K’ and ‘[01m[Kboost::_bi::bind_t<void, void (*)(const boost::shared_ptr<const nav_msgs::Odometry_<std::allocator<void> > >&, std::__cxx11::basic_string<char>), boost::_bi::list2<boost::arg<1>, boost::_bi::value<const char*> > >[m[K’
   25 |   ros::Subscriber sub3_1 = n.subscribe("tb3_1/odom", 10, boost::bind(callback, _1, "tb3_1")[01;36m[K)[m[K;
      |                                                                                            [01;36m[K^[m[K
In file included from [01m[K/opt/ros/noetic/include/ros/ros.h:45[m[K,
                 from [01m[K/home/lty/xiaoping_ws/src/connect_tf_tree/src/connection.cpp:1[m[K:
[01m[K/opt/ros/noetic/include/ros/node_handle.h:654:14:[m[K [01;36m[Knote: [m[Kcandidate: ‘[01m[Ktemplate<class M> ros::Subscriber ros::NodeHandle::subscribe(const string&, uint32_t, void (*)(M), const ros::TransportHints&)[m[K’
  654 |   Subscriber [01;36m[Ksubscribe[m[K(const std::string& topic, uint32_t queue_size, void(*fp)(M), const TransportHints& transport_hints = TransportHints())
      |              [01;36m[K^~~~~~~~~[m[K
[01m[K/opt/ros/noetic/include/ros/node_handle.h:654:14:[m[K [01;36m[Knote: [m[K  template argument deduction/substitution failed:
[01m[K/home/lty/xiaoping_ws/src/connect_tf_tree/src/connection.cpp:25:92:[m[K [01;36m[Knote: [m[K  mismatched types ‘[01m[Kvoid (*)(M)[m[K’ and ‘[01m[Kboost::_bi::bind_t<void, void (*)(const boost::shared_ptr<const nav_msgs::Odometry_<std::allocator<void> > >&, std::__cxx11::basic_string<char>), boost::_bi::list2<boost::arg<1>, boost::_bi::value<const char*> > >[m[K’
   25 |   ros::Subscriber sub3_1 = n.subscribe("tb3_1/odom", 10, boost::bind(callback, _1, "tb3_1")[01;36m[K)[m[K;
      |                                                                                            [01;36m[K^[m[K
In file included from [01m[K/opt/ros/noetic/include/ros/ros.h:45[m[K,
                 from [01m[K/home/lty/xiaoping_ws/src/connect_tf_tree/src/connection.cpp:1[m[K:
[01m[K/opt/ros/noetic/include/ros/node_handle.h:702:14:[m[K [01;36m[Knote: [m[Kcandidate: ‘[01m[Ktemplate<class M> ros::Subscriber ros::NodeHandle::subscribe(const string&, uint32_t, void (*)(const boost::shared_ptr<const M>&), const ros::TransportHints&)[m[K’
  702 |   Subscriber [01;36m[Ksubscribe[m[K(const std::string& topic, uint32_t queue_size, void(*fp)(const boost::shared_ptr<M const>&), const TransportHints& transport_hints = TransportHints())
      |              [01;36m[K^~~~~~~~~[m[K
[01m[K/opt/ros/noetic/include/ros/node_handle.h:702:14:[m[K [01;36m[Knote: [m[K  template argument deduction/substitution failed:
[01m[K/home/lty/xiaoping_ws/src/connect_tf_tree/src/connection.cpp:25:92:[m[K [01;36m[Knote: [m[K  mismatched types ‘[01m[Kvoid (*)(const boost::shared_ptr<const M>&)[m[K’ and ‘[01m[Kboost::_bi::bind_t<void, void (*)(const boost::shared_ptr<const nav_msgs::Odometry_<std::allocator<void> > >&, std::__cxx11::basic_string<char>), boost::_bi::list2<boost::arg<1>, boost::_bi::value<const char*> > >[m[K’
   25 |   ros::Subscriber sub3_1 = n.subscribe("tb3_1/odom", 10, boost::bind(callback, _1, "tb3_1")[01;36m[K)[m[K;
      |                                                                                            [01;36m[K^[m[K
In file included from [01m[K/opt/ros/noetic/include/ros/ros.h:45[m[K,
                 from [01m[K/home/lty/xiaoping_ws/src/connect_tf_tree/src/connection.cpp:1[m[K:
[01m[K/opt/ros/noetic/include/ros/node_handle.h:748:14:[m[K [01;36m[Knote: [m[Kcandidate: ‘[01m[Ktemplate<class M> ros::Subscriber ros::NodeHandle::subscribe(const string&, uint32_t, const boost::function<void(const boost::shared_ptr<const M>&)>&, const VoidConstPtr&, const ros::TransportHints&)[m[K’
  748 |   Subscriber [01;36m[Ksubscribe[m[K(const std::string& topic, uint32_t queue_size, const boost::function<void (const boost::shared_ptr<M const>&)>& callback,
      |              [01;36m[K^~~~~~~~~[m[K
[01m[K/opt/ros/noetic/include/ros/node_handle.h:748:14:[m[K [01;36m[Knote: [m[K  template argument deduction/substitution failed:
[01m[K/home/lty/xiaoping_ws/src/connect_tf_tree/src/connection.cpp:25:92:[m[K [01;36m[Knote: [m[K  ‘[01m[Kboost::_bi::bind_t<void, void (*)(const boost::shared_ptr<const nav_msgs::Odometry_<std::allocator<void> > >&, std::__cxx11::basic_string<char>), boost::_bi::list2<boost::arg<1>, boost::_bi::value<const char*> > >[m[K’ is not derived from ‘[01m[Kconst boost::function<void(const boost::shared_ptr<const M>&)>[m[K’
   25 |   ros::Subscriber sub3_1 = n.subscribe("tb3_1/odom", 10, boost::bind(callback, _1, "tb3_1")[01;36m[K)[m[K;
      |                                                                                            [01;36m[K^[m[K
In file included from [01m[K/opt/ros/noetic/include/ros/ros.h:45[m[K,
                 from [01m[K/home/lty/xiaoping_ws/src/connect_tf_tree/src/connection.cpp:1[m[K:
[01m[K/opt/ros/noetic/include/ros/node_handle.h:797:14:[m[K [01;36m[Knote: [m[Kcandidate: ‘[01m[Ktemplate<class M, class C> ros::Subscriber ros::NodeHandle::subscribe(const string&, uint32_t, const boost::function<void(C)>&, const VoidConstPtr&, const ros::TransportHints&)[m[K’
  797 |   Subscriber [01;36m[Ksubscribe[m[K(const std::string& topic, uint32_t queue_size, const boost::function<void (C)>& callback,
      |              [01;36m[K^~~~~~~~~[m[K
[01m[K/opt/ros/noetic/include/ros/node_handle.h:797:14:[m[K [01;36m[Knote: [m[K  template argument deduction/substitution failed:
[01m[K/home/lty/xiaoping_ws/src/connect_tf_tree/src/connection.cpp:25:92:[m[K [01;36m[Knote: [m[K  ‘[01m[Kboost::_bi::bind_t<void, void (*)(const boost::shared_ptr<const nav_msgs::Odometry_<std::allocator<void> > >&, std::__cxx11::basic_string<char>), boost::_bi::list2<boost::arg<1>, boost::_bi::value<const char*> > >[m[K’ is not derived from ‘[01m[Kconst boost::function<void(C)>[m[K’
   25 |   ros::Subscriber sub3_1 = n.subscribe("tb3_1/odom", 10, boost::bind(callback, _1, "tb3_1")[01;36m[K)[m[K;
      |                                                                                            [01;36m[K^[m[K
In file included from [01m[K/opt/ros/noetic/include/ros/ros.h:45[m[K,
                 from [01m[K/home/lty/xiaoping_ws/src/connect_tf_tree/src/connection.cpp:1[m[K:
[01m[K/opt/ros/noetic/include/ros/node_handle.h:834:14:[m[K [01;36m[Knote: [m[Kcandidate: ‘[01m[Kros::Subscriber ros::NodeHandle::subscribe(ros::SubscribeOptions&)[m[K’
  834 |   Subscriber [01;36m[Ksubscribe[m[K(SubscribeOptions& ops);
      |              [01;36m[K^~~~~~~~~[m[K
[01m[K/opt/ros/noetic/include/ros/node_handle.h:834:14:[m[K [01;36m[Knote: [m[K  candidate expects 1 argument, 3 provided
make[2]: *** [CMakeFiles/connection.dir/build.make:63：CMakeFiles/connection.dir/home/lty/xiaoping_ws/src/connect_tf_tree/src/connection.cpp.o] 错误 1
make[1]: *** [CMakeFiles/Makefile2:273：CMakeFiles/connection.dir/all] 错误 2
make: *** [Makefile:141：all] 错误 2
