Symlinking /home/lty/xiaoping_ws/devel/include/turtlebot3_example/Turtlebot3Feedback.h
Symlinking /home/lty/xiaoping_ws/devel/include/turtlebot3_example/Turtlebot3ActionResult.h
Symlinking /home/lty/xiaoping_ws/devel/include/turtlebot3_example/Turtlebot3ActionGoal.h
Symlinking /home/lty/xiaoping_ws/devel/include/turtlebot3_example/Turtlebot3Action.h
Symlinking /home/lty/xiaoping_ws/devel/include/turtlebot3_example/Turtlebot3Goal.h
Symlinking /home/lty/xiaoping_ws/devel/include/turtlebot3_example/Turtlebot3Result.h
Symlinking /home/lty/xiaoping_ws/devel/include/turtlebot3_example/Turtlebot3ActionFeedback.h
Symlinking /home/lty/xiaoping_ws/devel/share/gennodejs/ros/turtlebot3_example/_index.js
Symlinking /home/lty/xiaoping_ws/devel/share/gennodejs/ros/turtlebot3_example/msg/_index.js
Symlinking /home/lty/xiaoping_ws/devel/share/gennodejs/ros/turtlebot3_example/msg/Turtlebot3ActionFeedback.js
Symlinking /home/lty/xiaoping_ws/devel/share/gennodejs/ros/turtlebot3_example/msg/Turtlebot3ActionGoal.js
Symlinking /home/lty/xiaoping_ws/devel/share/gennodejs/ros/turtlebot3_example/msg/Turtlebot3Result.js
Symlinking /home/lty/xiaoping_ws/devel/share/gennodejs/ros/turtlebot3_example/msg/Turtlebot3Feedback.js
Symlinking /home/lty/xiaoping_ws/devel/share/gennodejs/ros/turtlebot3_example/msg/Turtlebot3Goal.js
Symlinking /home/lty/xiaoping_ws/devel/share/gennodejs/ros/turtlebot3_example/msg/Turtlebot3ActionResult.js
Symlinking /home/lty/xiaoping_ws/devel/share/gennodejs/ros/turtlebot3_example/msg/Turtlebot3Action.js
Warning: Cannot symlink from /home/lty/xiaoping_ws/devel/.private/turtlebot3_example/share/turtlebot3_example/cmake/turtlebot3_example-msg-paths.cmake to existing file /home/lty/xiaoping_ws/devel/share/turtlebot3_example/cmake/turtlebot3_example-msg-paths.cmake
Warning: Source hash: dc3677dfb3a1455dae653c084f4e1a23
Warning: Dest hash: 5cc2b7cb920f5271bfb3edd4a397831a
Warning: Cannot symlink from /home/lty/xiaoping_ws/devel/.private/turtlebot3_example/share/turtlebot3_example/cmake/turtlebot3_exampleConfig.cmake to existing file /home/lty/xiaoping_ws/devel/share/turtlebot3_example/cmake/turtlebot3_exampleConfig.cmake
Warning: Source hash: f58c016041033b58aee2c2342e96686d
Warning: Dest hash: 64cb953b018ad9aa60e6b1610375e4e2
Warning: Cannot symlink from /home/lty/xiaoping_ws/devel/.private/turtlebot3_example/share/turtlebot3_example/cmake/turtlebot3_example-msg-extras.cmake to existing file /home/lty/xiaoping_ws/devel/share/turtlebot3_example/cmake/turtlebot3_example-msg-extras.cmake
Warning: Source hash: ce8f2ed75e481e1d8737f51336127d9a
Warning: Dest hash: fb6c49b399df16cc320cf3206614d59c
Symlinking /home/lty/xiaoping_ws/devel/share/common-lisp/ros/turtlebot3_example/msg/Turtlebot3ActionFeedback.lisp
Symlinking /home/lty/xiaoping_ws/devel/share/common-lisp/ros/turtlebot3_example/msg/_package.lisp
Symlinking /home/lty/xiaoping_ws/devel/share/common-lisp/ros/turtlebot3_example/msg/_package_Turtlebot3ActionFeedback.lisp
Symlinking /home/lty/xiaoping_ws/devel/share/common-lisp/ros/turtlebot3_example/msg/Turtlebot3Goal.lisp
Symlinking /home/lty/xiaoping_ws/devel/share/common-lisp/ros/turtlebot3_example/msg/Turtlebot3ActionResult.lisp
Symlinking /home/lty/xiaoping_ws/devel/share/common-lisp/ros/turtlebot3_example/msg/_package_Turtlebot3ActionResult.lisp
Symlinking /home/lty/xiaoping_ws/devel/share/common-lisp/ros/turtlebot3_example/msg/Turtlebot3Result.lisp
Symlinking /home/lty/xiaoping_ws/devel/share/common-lisp/ros/turtlebot3_example/msg/_package_Turtlebot3Goal.lisp
Symlinking /home/lty/xiaoping_ws/devel/share/common-lisp/ros/turtlebot3_example/msg/_package_Turtlebot3Feedback.lisp
Symlinking /home/lty/xiaoping_ws/devel/share/common-lisp/ros/turtlebot3_example/msg/_package_Turtlebot3Result.lisp
Symlinking /home/lty/xiaoping_ws/devel/share/common-lisp/ros/turtlebot3_example/msg/Turtlebot3Feedback.lisp
Symlinking /home/lty/xiaoping_ws/devel/share/common-lisp/ros/turtlebot3_example/msg/_package_Turtlebot3ActionGoal.lisp
Symlinking /home/lty/xiaoping_ws/devel/share/common-lisp/ros/turtlebot3_example/msg/_package_Turtlebot3Action.lisp
Symlinking /home/lty/xiaoping_ws/devel/share/common-lisp/ros/turtlebot3_example/msg/Turtlebot3ActionGoal.lisp
Symlinking /home/lty/xiaoping_ws/devel/share/common-lisp/ros/turtlebot3_example/msg/Turtlebot3Action.lisp
Symlinking /home/lty/xiaoping_ws/devel/share/common-lisp/ros/turtlebot3_example/msg/turtlebot3_example-msg.asd
Symlinking /home/lty/xiaoping_ws/devel/share/roseus/ros/turtlebot3_example/manifest.l
Symlinking /home/lty/xiaoping_ws/devel/share/roseus/ros/turtlebot3_example/msg/Turtlebot3Action.l
Symlinking /home/lty/xiaoping_ws/devel/share/roseus/ros/turtlebot3_example/msg/Turtlebot3Result.l
Symlinking /home/lty/xiaoping_ws/devel/share/roseus/ros/turtlebot3_example/msg/Turtlebot3ActionFeedback.l
Symlinking /home/lty/xiaoping_ws/devel/share/roseus/ros/turtlebot3_example/msg/Turtlebot3ActionGoal.l
Symlinking /home/lty/xiaoping_ws/devel/share/roseus/ros/turtlebot3_example/msg/Turtlebot3Goal.l
Symlinking /home/lty/xiaoping_ws/devel/share/roseus/ros/turtlebot3_example/msg/Turtlebot3ActionResult.l
Symlinking /home/lty/xiaoping_ws/devel/share/roseus/ros/turtlebot3_example/msg/Turtlebot3Feedback.l
Symlinking /home/lty/xiaoping_ws/devel/lib/python3/dist-packages/turtlebot3_example/msg/_Turtlebot3ActionResult.py
Symlinking /home/lty/xiaoping_ws/devel/lib/python3/dist-packages/turtlebot3_example/msg/_Turtlebot3Action.py
Symlinking /home/lty/xiaoping_ws/devel/lib/python3/dist-packages/turtlebot3_example/msg/__init__.py
Symlinking /home/lty/xiaoping_ws/devel/lib/python3/dist-packages/turtlebot3_example/msg/_Turtlebot3Result.py
Symlinking /home/lty/xiaoping_ws/devel/lib/python3/dist-packages/turtlebot3_example/msg/_Turtlebot3ActionGoal.py
Symlinking /home/lty/xiaoping_ws/devel/lib/python3/dist-packages/turtlebot3_example/msg/_Turtlebot3ActionFeedback.py
Symlinking /home/lty/xiaoping_ws/devel/lib/python3/dist-packages/turtlebot3_example/msg/_Turtlebot3Feedback.py
Symlinking /home/lty/xiaoping_ws/devel/lib/python3/dist-packages/turtlebot3_example/msg/_Turtlebot3Goal.py
Warning: Cannot symlink from /home/lty/xiaoping_ws/devel/.private/turtlebot3_example/lib/pkgconfig/turtlebot3_example.pc to existing file /home/lty/xiaoping_ws/devel/lib/pkgconfig/turtlebot3_example.pc
Warning: Source hash: 80a33841cd07dc5ceef32727c5766b0c
Warning: Dest hash: d35221f3c4ce47f3e17bcdb501525830
