Linked: (/home/lty/xiaoping_ws/devel/.private/turtlebot3_example/include/turtlebot3_example/Turtlebot3Feedback.h, /home/lty/xiaoping_ws/devel/include/turtlebot3_example/Turtlebot3Feedback.h)
Linked: (/home/lty/xiaoping_ws/devel/.private/turtlebot3_example/include/turtlebot3_example/Turtlebot3ActionResult.h, /home/lty/xiaoping_ws/devel/include/turtlebot3_example/Turtlebot3ActionResult.h)
Linked: (/home/lty/xiaoping_ws/devel/.private/turtlebot3_example/include/turtlebot3_example/Turtlebot3ActionGoal.h, /home/lty/xiaoping_ws/devel/include/turtlebot3_example/Turtlebot3ActionGoal.h)
Linked: (/home/lty/xiaoping_ws/devel/.private/turtlebot3_example/include/turtlebot3_example/Turtlebot3Action.h, /home/lty/xiaoping_ws/devel/include/turtlebot3_example/Turtlebot3Action.h)
Linked: (/home/lty/xiaoping_ws/devel/.private/turtlebot3_example/include/turtlebot3_example/Turtlebot3Goal.h, /home/lty/xiaoping_ws/devel/include/turtlebot3_example/Turtlebot3Goal.h)
Linked: (/home/lty/xiaoping_ws/devel/.private/turtlebot3_example/include/turtlebot3_example/Turtlebot3Result.h, /home/lty/xiaoping_ws/devel/include/turtlebot3_example/Turtlebot3Result.h)
Linked: (/home/lty/xiaoping_ws/devel/.private/turtlebot3_example/include/turtlebot3_example/Turtlebot3ActionFeedback.h, /home/lty/xiaoping_ws/devel/include/turtlebot3_example/Turtlebot3ActionFeedback.h)
Linked: (/home/lty/xiaoping_ws/devel/.private/turtlebot3_example/share/gennodejs/ros/turtlebot3_example/_index.js, /home/lty/xiaoping_ws/devel/share/gennodejs/ros/turtlebot3_example/_index.js)
Linked: (/home/lty/xiaoping_ws/devel/.private/turtlebot3_example/share/gennodejs/ros/turtlebot3_example/msg/_index.js, /home/lty/xiaoping_ws/devel/share/gennodejs/ros/turtlebot3_example/msg/_index.js)
Linked: (/home/lty/xiaoping_ws/devel/.private/turtlebot3_example/share/gennodejs/ros/turtlebot3_example/msg/Turtlebot3ActionFeedback.js, /home/lty/xiaoping_ws/devel/share/gennodejs/ros/turtlebot3_example/msg/Turtlebot3ActionFeedback.js)
Linked: (/home/lty/xiaoping_ws/devel/.private/turtlebot3_example/share/gennodejs/ros/turtlebot3_example/msg/Turtlebot3ActionGoal.js, /home/lty/xiaoping_ws/devel/share/gennodejs/ros/turtlebot3_example/msg/Turtlebot3ActionGoal.js)
Linked: (/home/lty/xiaoping_ws/devel/.private/turtlebot3_example/share/gennodejs/ros/turtlebot3_example/msg/Turtlebot3Result.js, /home/lty/xiaoping_ws/devel/share/gennodejs/ros/turtlebot3_example/msg/Turtlebot3Result.js)
Linked: (/home/lty/xiaoping_ws/devel/.private/turtlebot3_example/share/gennodejs/ros/turtlebot3_example/msg/Turtlebot3Feedback.js, /home/lty/xiaoping_ws/devel/share/gennodejs/ros/turtlebot3_example/msg/Turtlebot3Feedback.js)
Linked: (/home/lty/xiaoping_ws/devel/.private/turtlebot3_example/share/gennodejs/ros/turtlebot3_example/msg/Turtlebot3Goal.js, /home/lty/xiaoping_ws/devel/share/gennodejs/ros/turtlebot3_example/msg/Turtlebot3Goal.js)
Linked: (/home/lty/xiaoping_ws/devel/.private/turtlebot3_example/share/gennodejs/ros/turtlebot3_example/msg/Turtlebot3ActionResult.js, /home/lty/xiaoping_ws/devel/share/gennodejs/ros/turtlebot3_example/msg/Turtlebot3ActionResult.js)
Linked: (/home/lty/xiaoping_ws/devel/.private/turtlebot3_example/share/gennodejs/ros/turtlebot3_example/msg/Turtlebot3Action.js, /home/lty/xiaoping_ws/devel/share/gennodejs/ros/turtlebot3_example/msg/Turtlebot3Action.js)
Warning: Cannot symlink from /home/lty/xiaoping_ws/devel/.private/turtlebot3_example/share/turtlebot3_example/cmake/turtlebot3_example-msg-paths.cmake to existing file /home/lty/xiaoping_ws/devel/share/turtlebot3_example/cmake/turtlebot3_example-msg-paths.cmake
Warning: Source hash: dc3677dfb3a1455dae653c084f4e1a23
Warning: Dest hash: 5cc2b7cb920f5271bfb3edd4a397831a
Warning: Cannot symlink from /home/lty/xiaoping_ws/devel/.private/turtlebot3_example/share/turtlebot3_example/cmake/turtlebot3_exampleConfig.cmake to existing file /home/lty/xiaoping_ws/devel/share/turtlebot3_example/cmake/turtlebot3_exampleConfig.cmake
Warning: Source hash: f58c016041033b58aee2c2342e96686d
Warning: Dest hash: 64cb953b018ad9aa60e6b1610375e4e2
Warning: Cannot symlink from /home/lty/xiaoping_ws/devel/.private/turtlebot3_example/share/turtlebot3_example/cmake/turtlebot3_example-msg-extras.cmake to existing file /home/lty/xiaoping_ws/devel/share/turtlebot3_example/cmake/turtlebot3_example-msg-extras.cmake
Warning: Source hash: ce8f2ed75e481e1d8737f51336127d9a
Warning: Dest hash: fb6c49b399df16cc320cf3206614d59c
Linked: (/home/lty/xiaoping_ws/devel/.private/turtlebot3_example/share/common-lisp/ros/turtlebot3_example/msg/Turtlebot3ActionFeedback.lisp, /home/lty/xiaoping_ws/devel/share/common-lisp/ros/turtlebot3_example/msg/Turtlebot3ActionFeedback.lisp)
Linked: (/home/lty/xiaoping_ws/devel/.private/turtlebot3_example/share/common-lisp/ros/turtlebot3_example/msg/_package.lisp, /home/lty/xiaoping_ws/devel/share/common-lisp/ros/turtlebot3_example/msg/_package.lisp)
Linked: (/home/lty/xiaoping_ws/devel/.private/turtlebot3_example/share/common-lisp/ros/turtlebot3_example/msg/_package_Turtlebot3ActionFeedback.lisp, /home/lty/xiaoping_ws/devel/share/common-lisp/ros/turtlebot3_example/msg/_package_Turtlebot3ActionFeedback.lisp)
Linked: (/home/lty/xiaoping_ws/devel/.private/turtlebot3_example/share/common-lisp/ros/turtlebot3_example/msg/Turtlebot3Goal.lisp, /home/lty/xiaoping_ws/devel/share/common-lisp/ros/turtlebot3_example/msg/Turtlebot3Goal.lisp)
Linked: (/home/lty/xiaoping_ws/devel/.private/turtlebot3_example/share/common-lisp/ros/turtlebot3_example/msg/Turtlebot3ActionResult.lisp, /home/lty/xiaoping_ws/devel/share/common-lisp/ros/turtlebot3_example/msg/Turtlebot3ActionResult.lisp)
Linked: (/home/lty/xiaoping_ws/devel/.private/turtlebot3_example/share/common-lisp/ros/turtlebot3_example/msg/_package_Turtlebot3ActionResult.lisp, /home/lty/xiaoping_ws/devel/share/common-lisp/ros/turtlebot3_example/msg/_package_Turtlebot3ActionResult.lisp)
Linked: (/home/lty/xiaoping_ws/devel/.private/turtlebot3_example/share/common-lisp/ros/turtlebot3_example/msg/Turtlebot3Result.lisp, /home/lty/xiaoping_ws/devel/share/common-lisp/ros/turtlebot3_example/msg/Turtlebot3Result.lisp)
Linked: (/home/lty/xiaoping_ws/devel/.private/turtlebot3_example/share/common-lisp/ros/turtlebot3_example/msg/_package_Turtlebot3Goal.lisp, /home/lty/xiaoping_ws/devel/share/common-lisp/ros/turtlebot3_example/msg/_package_Turtlebot3Goal.lisp)
Linked: (/home/lty/xiaoping_ws/devel/.private/turtlebot3_example/share/common-lisp/ros/turtlebot3_example/msg/_package_Turtlebot3Feedback.lisp, /home/lty/xiaoping_ws/devel/share/common-lisp/ros/turtlebot3_example/msg/_package_Turtlebot3Feedback.lisp)
Linked: (/home/lty/xiaoping_ws/devel/.private/turtlebot3_example/share/common-lisp/ros/turtlebot3_example/msg/_package_Turtlebot3Result.lisp, /home/lty/xiaoping_ws/devel/share/common-lisp/ros/turtlebot3_example/msg/_package_Turtlebot3Result.lisp)
Linked: (/home/lty/xiaoping_ws/devel/.private/turtlebot3_example/share/common-lisp/ros/turtlebot3_example/msg/Turtlebot3Feedback.lisp, /home/lty/xiaoping_ws/devel/share/common-lisp/ros/turtlebot3_example/msg/Turtlebot3Feedback.lisp)
Linked: (/home/lty/xiaoping_ws/devel/.private/turtlebot3_example/share/common-lisp/ros/turtlebot3_example/msg/_package_Turtlebot3ActionGoal.lisp, /home/lty/xiaoping_ws/devel/share/common-lisp/ros/turtlebot3_example/msg/_package_Turtlebot3ActionGoal.lisp)
Linked: (/home/lty/xiaoping_ws/devel/.private/turtlebot3_example/share/common-lisp/ros/turtlebot3_example/msg/_package_Turtlebot3Action.lisp, /home/lty/xiaoping_ws/devel/share/common-lisp/ros/turtlebot3_example/msg/_package_Turtlebot3Action.lisp)
Linked: (/home/lty/xiaoping_ws/devel/.private/turtlebot3_example/share/common-lisp/ros/turtlebot3_example/msg/Turtlebot3ActionGoal.lisp, /home/lty/xiaoping_ws/devel/share/common-lisp/ros/turtlebot3_example/msg/Turtlebot3ActionGoal.lisp)
Linked: (/home/lty/xiaoping_ws/devel/.private/turtlebot3_example/share/common-lisp/ros/turtlebot3_example/msg/Turtlebot3Action.lisp, /home/lty/xiaoping_ws/devel/share/common-lisp/ros/turtlebot3_example/msg/Turtlebot3Action.lisp)
Linked: (/home/lty/xiaoping_ws/devel/.private/turtlebot3_example/share/common-lisp/ros/turtlebot3_example/msg/turtlebot3_example-msg.asd, /home/lty/xiaoping_ws/devel/share/common-lisp/ros/turtlebot3_example/msg/turtlebot3_example-msg.asd)
Linked: (/home/lty/xiaoping_ws/devel/.private/turtlebot3_example/share/roseus/ros/turtlebot3_example/manifest.l, /home/lty/xiaoping_ws/devel/share/roseus/ros/turtlebot3_example/manifest.l)
Linked: (/home/lty/xiaoping_ws/devel/.private/turtlebot3_example/share/roseus/ros/turtlebot3_example/msg/Turtlebot3Action.l, /home/lty/xiaoping_ws/devel/share/roseus/ros/turtlebot3_example/msg/Turtlebot3Action.l)
Linked: (/home/lty/xiaoping_ws/devel/.private/turtlebot3_example/share/roseus/ros/turtlebot3_example/msg/Turtlebot3Result.l, /home/lty/xiaoping_ws/devel/share/roseus/ros/turtlebot3_example/msg/Turtlebot3Result.l)
Linked: (/home/lty/xiaoping_ws/devel/.private/turtlebot3_example/share/roseus/ros/turtlebot3_example/msg/Turtlebot3ActionFeedback.l, /home/lty/xiaoping_ws/devel/share/roseus/ros/turtlebot3_example/msg/Turtlebot3ActionFeedback.l)
Linked: (/home/lty/xiaoping_ws/devel/.private/turtlebot3_example/share/roseus/ros/turtlebot3_example/msg/Turtlebot3ActionGoal.l, /home/lty/xiaoping_ws/devel/share/roseus/ros/turtlebot3_example/msg/Turtlebot3ActionGoal.l)
Linked: (/home/lty/xiaoping_ws/devel/.private/turtlebot3_example/share/roseus/ros/turtlebot3_example/msg/Turtlebot3Goal.l, /home/lty/xiaoping_ws/devel/share/roseus/ros/turtlebot3_example/msg/Turtlebot3Goal.l)
Linked: (/home/lty/xiaoping_ws/devel/.private/turtlebot3_example/share/roseus/ros/turtlebot3_example/msg/Turtlebot3ActionResult.l, /home/lty/xiaoping_ws/devel/share/roseus/ros/turtlebot3_example/msg/Turtlebot3ActionResult.l)
Linked: (/home/lty/xiaoping_ws/devel/.private/turtlebot3_example/share/roseus/ros/turtlebot3_example/msg/Turtlebot3Feedback.l, /home/lty/xiaoping_ws/devel/share/roseus/ros/turtlebot3_example/msg/Turtlebot3Feedback.l)
Linked: (/home/lty/xiaoping_ws/devel/.private/turtlebot3_example/lib/python3/dist-packages/turtlebot3_example/msg/_Turtlebot3ActionResult.py, /home/lty/xiaoping_ws/devel/lib/python3/dist-packages/turtlebot3_example/msg/_Turtlebot3ActionResult.py)
Linked: (/home/lty/xiaoping_ws/devel/.private/turtlebot3_example/lib/python3/dist-packages/turtlebot3_example/msg/_Turtlebot3Action.py, /home/lty/xiaoping_ws/devel/lib/python3/dist-packages/turtlebot3_example/msg/_Turtlebot3Action.py)
Linked: (/home/lty/xiaoping_ws/devel/.private/turtlebot3_example/lib/python3/dist-packages/turtlebot3_example/msg/__init__.py, /home/lty/xiaoping_ws/devel/lib/python3/dist-packages/turtlebot3_example/msg/__init__.py)
Linked: (/home/lty/xiaoping_ws/devel/.private/turtlebot3_example/lib/python3/dist-packages/turtlebot3_example/msg/_Turtlebot3Result.py, /home/lty/xiaoping_ws/devel/lib/python3/dist-packages/turtlebot3_example/msg/_Turtlebot3Result.py)
Linked: (/home/lty/xiaoping_ws/devel/.private/turtlebot3_example/lib/python3/dist-packages/turtlebot3_example/msg/_Turtlebot3ActionGoal.py, /home/lty/xiaoping_ws/devel/lib/python3/dist-packages/turtlebot3_example/msg/_Turtlebot3ActionGoal.py)
Linked: (/home/lty/xiaoping_ws/devel/.private/turtlebot3_example/lib/python3/dist-packages/turtlebot3_example/msg/_Turtlebot3ActionFeedback.py, /home/lty/xiaoping_ws/devel/lib/python3/dist-packages/turtlebot3_example/msg/_Turtlebot3ActionFeedback.py)
Linked: (/home/lty/xiaoping_ws/devel/.private/turtlebot3_example/lib/python3/dist-packages/turtlebot3_example/msg/_Turtlebot3Feedback.py, /home/lty/xiaoping_ws/devel/lib/python3/dist-packages/turtlebot3_example/msg/_Turtlebot3Feedback.py)
Linked: (/home/lty/xiaoping_ws/devel/.private/turtlebot3_example/lib/python3/dist-packages/turtlebot3_example/msg/_Turtlebot3Goal.py, /home/lty/xiaoping_ws/devel/lib/python3/dist-packages/turtlebot3_example/msg/_Turtlebot3Goal.py)
Warning: Cannot symlink from /home/lty/xiaoping_ws/devel/.private/turtlebot3_example/lib/pkgconfig/turtlebot3_example.pc to existing file /home/lty/xiaoping_ws/devel/lib/pkgconfig/turtlebot3_example.pc
Warning: Source hash: 80a33841cd07dc5ceef32727c5766b0c
Warning: Dest hash: d35221f3c4ce47f3e17bcdb501525830
